This file contains any messages produced by compilers while
running configure, to aid debugging if configure makes a mistake.

It was created by configure, which was
generated by GNU Autoconf 2.59.  Invocation command line was

  $ ./configure 

## --------- ##
## Platform. ##
## --------- ##

hostname = local
uname -m = i686
uname -r = 2.4.20-8
uname -s = Linux
uname -v = #1 Thu Mar 13 17:54:28 EST 2003

/usr/bin/uname -p = unknown
/bin/uname -X     = unknown

/bin/arch              = i686
/usr/bin/arch -k       = unknown
/usr/convex/getsysinfo = unknown
hostinfo               = unknown
/bin/machine           = unknown
/usr/bin/oslevel       = unknown
/bin/universe          = unknown

PATH: /bin
PATH: /usr/bin
PATH: /usr/local/bin
PATH: /usr/bin/X11
PATH: /usr/X11R6/bin
PATH: /home/ljx/bin


## ----------- ##
## Core tests. ##
## ----------- ##

configure:1372: checking for a BSD-compatible install
configure:1427: result: /usr/bin/install -c
configure:1438: checking whether build environment is sane
configure:1481: result: yes
configure:1546: checking for gawk
configure:1562: found /bin/gawk
configure:1572: result: gawk
configure:1582: checking whether make sets $(MAKE)
configure:1602: result: yes
configure:1770: checking whether to enable maintainer-specific portions of Makefiles
configure:1779: result: no
configure:1822: checking build system type
configure:1840: result: i686-pc-linux-gnu
configure:1848: checking host system type
configure:1862: result: i686-pc-linux-gnu
configure:1942: checking for gawk
configure:1968: result: gawk
configure:2024: checking for gcc
configure:2040: found /usr/bin/gcc
configure:2050: result: gcc
configure:2294: checking for C compiler version
configure:2297: gcc --version </dev/null >&5
gcc (GCC) 3.2.2 20030222 (Red Hat Linux 3.2.2-5)
Copyright (C) 2002 Free Software Foundation, Inc.
This is free software; see the source for copying conditions.  There is NO
warranty; not even for MERCHANTABILITY or FITNESS FOR A PARTICULAR PURPOSE.

configure:2300: $? = 0
configure:2302: gcc -v </dev/null >&5
Reading specs from /usr/lib/gcc-lib/i386-redhat-linux/3.2.2/specs
Configured with: ../configure --prefix=/usr --mandir=/usr/share/man --infodir=/usr/share/info --enable-shared --enable-threads=posix --disable-checking --with-system-zlib --enable-__cxa_atexit --host=i386-redhat-linux
Thread model: posix
gcc version 3.2.2 20030222 (Red Hat Linux 3.2.2-5)
configure:2305: $? = 0
configure:2307: gcc -V </dev/null >&5
gcc: argument to `-V' is missing
configure:2310: $? = 1
configure:2333: checking for C compiler default output file name
configure:2336: gcc  -funsigned-char -O2 -march=i686 -DNDEBUG -Wall   conftest.c  >&5
configure:2339: $? = 0
configure:2385: result: a.out
configure:2390: checking whether the C compiler works
configure:2396: ./a.out
configure:2399: $? = 0
configure:2416: result: yes
configure:2423: checking whether we are cross compiling
configure:2425: result: no
configure:2428: checking for suffix of executables
configure:2430: gcc -o conftest  -funsigned-char -O2 -march=i686 -DNDEBUG -Wall   conftest.c  >&5
configure:2433: $? = 0
configure:2458: result: 
configure:2464: checking for suffix of object files
configure:2485: gcc -c  -funsigned-char -O2 -march=i686 -DNDEBUG -Wall  conftest.c >&5
configure:2488: $? = 0
configure:2510: result: o
configure:2514: checking whether we are using the GNU C compiler
configure:2538: gcc -c  -funsigned-char -O2 -march=i686 -DNDEBUG -Wall  conftest.c >&5
configure:2544: $? = 0
configure:2548: test -z 
			 || test ! -s conftest.err
configure:2551: $? = 0
configure:2554: test -s conftest.o
configure:2557: $? = 0
configure:2570: result: yes
configure:2576: checking whether gcc accepts -g
configure:2597: gcc -c -g  conftest.c >&5
configure:2603: $? = 0
configure:2607: test -z 
			 || test ! -s conftest.err
configure:2610: $? = 0
configure:2613: test -s conftest.o
configure:2616: $? = 0
configure:2627: result: yes
configure:2644: checking for gcc option to accept ANSI C
configure:2714: gcc  -c  -funsigned-char -O2 -march=i686 -DNDEBUG -Wall  conftest.c >&5
configure:2720: $? = 0
configure:2724: test -z 
			 || test ! -s conftest.err
configure:2727: $? = 0
configure:2730: test -s conftest.o
configure:2733: $? = 0
configure:2751: result: none needed
configure:2769: gcc -c  -funsigned-char -O2 -march=i686 -DNDEBUG -Wall  conftest.c >&5
conftest.c:2: parse error before "me"
configure:2775: $? = 1
configure: failed program was:
| #ifndef __cplusplus
|   choke me
| #endif
configure:2919: checking for style of include used by make
configure:2947: result: GNU
configure:2975: checking dependency style of gcc
configure:3065: result: gcc3
configure:3087: checking how to run the C preprocessor
configure:3122: gcc -E  conftest.c
configure:3128: $? = 0
configure:3160: gcc -E  conftest.c
conftest.c:14:28: ac_nonexistent.h: No such file or directory
configure:3166: $? = 1
configure: failed program was:
| /* confdefs.h.  */
| 
| #define PACKAGE_NAME ""
| #define PACKAGE_TARNAME ""
| #define PACKAGE_VERSION ""
| #define PACKAGE_STRING ""
| #define PACKAGE_BUGREPORT ""
| #define PACKAGE "zhcon"
| #define VERSION "0.2.6"
| #define PREFIX "/usr/local"
| #define PLATFORM "Linux"
| #define USING_VGA 1
| /* end confdefs.h.  */
| #include <ac_nonexistent.h>
configure:3205: result: gcc -E
configure:3229: gcc -E  conftest.c
configure:3235: $? = 0
configure:3267: gcc -E  conftest.c
conftest.c:14:28: ac_nonexistent.h: No such file or directory
configure:3273: $? = 1
configure: failed program was:
| /* confdefs.h.  */
| 
| #define PACKAGE_NAME ""
| #define PACKAGE_TARNAME ""
| #define PACKAGE_VERSION ""
| #define PACKAGE_STRING ""
| #define PACKAGE_BUGREPORT ""
| #define PACKAGE "zhcon"
| #define VERSION "0.2.6"
| #define PREFIX "/usr/local"
| #define PLATFORM "Linux"
| #define USING_VGA 1
| /* end confdefs.h.  */
| #include <ac_nonexistent.h>
configure:3368: checking for g++
configure:3384: found /usr/bin/g++
configure:3394: result: g++
configure:3410: checking for C++ compiler version
configure:3413: g++ --version </dev/null >&5
g++ (GCC) 3.2.2 20030222 (Red Hat Linux 3.2.2-5)
Copyright (C) 2002 Free Software Foundation, Inc.
This is free software; see the source for copying conditions.  There is NO
warranty; not even for MERCHANTABILITY or FITNESS FOR A PARTICULAR PURPOSE.

configure:3416: $? = 0
configure:3418: g++ -v </dev/null >&5
Reading specs from /usr/lib/gcc-lib/i386-redhat-linux/3.2.2/specs
Configured with: ../configure --prefix=/usr --mandir=/usr/share/man --infodir=/usr/share/info --enable-shared --enable-threads=posix --disable-checking --with-system-zlib --enable-__cxa_atexit --host=i386-redhat-linux
Thread model: posix
gcc version 3.2.2 20030222 (Red Hat Linux 3.2.2-5)
configure:3421: $? = 0
configure:3423: g++ -V </dev/null >&5
g++: argument to `-V' missing

configure:3426: $? = 1
configure:3429: checking whether we are using the GNU C++ compiler
configure:3453: g++ -c  -funsigned-char -O2 -march=i686 -DNDEBUG -Wall  conftest.cc >&5
configure:3459: $? = 0
configure:3463: test -z 
			 || test ! -s conftest.err
configure:3466: $? = 0
configure:3469: test -s conftest.o
configure:3472: $? = 0
configure:3485: result: yes
configure:3491: checking whether g++ accepts -g
configure:3512: g++ -c -g  conftest.cc >&5
configure:3518: $? = 0
configure:3522: test -z 
			 || test ! -s conftest.err
configure:3525: $? = 0
configure:3528: test -s conftest.o
configure:3531: $? = 0
configure:3542: result: yes
configure:3584: g++ -c  -funsigned-char -O2 -march=i686 -DNDEBUG -Wall  conftest.cc >&5
configure:3590: $? = 0
configure:3594: test -z 
			 || test ! -s conftest.err
configure:3597: $? = 0
configure:3600: test -s conftest.o
configure:3603: $? = 0
configure:3629: g++ -c  -funsigned-char -O2 -march=i686 -DNDEBUG -Wall  conftest.cc >&5
conftest.cc: In function `int main()':
conftest.cc:18: `exit' undeclared (first use this function)
conftest.cc:18: (Each undeclared identifier is reported only once for each 
   function it appears in.)
configure:3635: $? = 1
configure: failed program was:
| /* confdefs.h.  */
| 
| #define PACKAGE_NAME ""
| #define PACKAGE_TARNAME ""
| #define PACKAGE_VERSION ""
| #define PACKAGE_STRING ""
| #define PACKAGE_BUGREPORT ""
| #define PACKAGE "zhcon"
| #define VERSION "0.2.6"
| #define PREFIX "/usr/local"
| #define PLATFORM "Linux"
| #define USING_VGA 1
| /* end confdefs.h.  */
| 
| int
| main ()
| {
| exit (42);
|   ;
|   return 0;
| }
configure:3584: g++ -c  -funsigned-char -O2 -march=i686 -DNDEBUG -Wall  conftest.cc >&5
configure:3590: $? = 0
configure:3594: test -z 
			 || test ! -s conftest.err
configure:3597: $? = 0
configure:3600: test -s conftest.o
configure:3603: $? = 0
configure:3629: g++ -c  -funsigned-char -O2 -march=i686 -DNDEBUG -Wall  conftest.cc >&5
configure:3635: $? = 0
configure:3639: test -z 
			 || test ! -s conftest.err
configure:3642: $? = 0
configure:3645: test -s conftest.o
configure:3648: $? = 0
configure:3673: checking dependency style of g++
configure:3763: result: gcc3
configure:3785: checking how to run the C++ preprocessor
configure:3816: g++ -E  conftest.cc
configure:3822: $? = 0
configure:3854: g++ -E  conftest.cc
conftest.cc:17:28: ac_nonexistent.h: No such file or directory
configure:3860: $? = 1
configure: failed program was:
| /* confdefs.h.  */
| 
| #define PACKAGE_NAME ""
| #define PACKAGE_TARNAME ""
| #define PACKAGE_VERSION ""
| #define PACKAGE_STRING ""
| #define PACKAGE_BUGREPORT ""
| #define PACKAGE "zhcon"
| #define VERSION "0.2.6"
| #define PREFIX "/usr/local"
| #define PLATFORM "Linux"
| #define USING_VGA 1
| #ifdef __cplusplus
| extern "C" void std::exit (int) throw (); using std::exit;
| #endif
| /* end confdefs.h.  */
| #include <ac_nonexistent.h>
configure:3899: result: g++ -E
configure:3923: g++ -E  conftest.cc
configure:3929: $? = 0
configure:3961: g++ -E  conftest.cc
conftest.cc:17:28: ac_nonexistent.h: No such file or directory
configure:3967: $? = 1
configure: failed program was:
| /* confdefs.h.  */
| 
| #define PACKAGE_NAME ""
| #define PACKAGE_TARNAME ""
| #define PACKAGE_VERSION ""
| #define PACKAGE_STRING ""
| #define PACKAGE_BUGREPORT ""
| #define PACKAGE "zhcon"
| #define VERSION "0.2.6"
| #define PREFIX "/usr/local"
| #define PLATFORM "Linux"
| #define USING_VGA 1
| #ifdef __cplusplus
| extern "C" void std::exit (int) throw (); using std::exit;
| #endif
| /* end confdefs.h.  */
| #include <ac_nonexistent.h>
configure:4023: checking for a BSD-compatible install
configure:4078: result: /usr/bin/install -c
configure:4089: checking whether ln -s works
configure:4093: result: yes
configure:4100: checking whether make sets $(MAKE)
configure:4120: result: yes
configure:4170: checking for ranlib
configure:4186: found /usr/bin/ranlib
configure:4197: result: ranlib
configure:4210: checking whether byte ordering is bigendian
configure:4237: g++ -c  -funsigned-char -O2 -march=i686 -DNDEBUG -Wall  conftest.cc >&5
configure:4243: $? = 0
configure:4247: test -z 
			 || test ! -s conftest.err
configure:4250: $? = 0
configure:4253: test -s conftest.o
configure:4256: $? = 0
configure:4280: g++ -c  -funsigned-char -O2 -march=i686 -DNDEBUG -Wall  conftest.cc >&5
conftest.cc: In function `int main()':
conftest.cc:24: `big' undeclared (first use this function)
conftest.cc:24: (Each undeclared identifier is reported only once for each 
   function it appears in.)
conftest.cc:24: parse error before `;' token
configure:4286: $? = 1
configure: failed program was:
| /* confdefs.h.  */
| 
| #define PACKAGE_NAME ""
| #define PACKAGE_TARNAME ""
| #define PACKAGE_VERSION ""
| #define PACKAGE_STRING ""
| #define PACKAGE_BUGREPORT ""
| #define PACKAGE "zhcon"
| #define VERSION "0.2.6"
| #define PREFIX "/usr/local"
| #define PLATFORM "Linux"
| #define USING_VGA 1
| #ifdef __cplusplus
| extern "C" void std::exit (int) throw (); using std::exit;
| #endif
| /* end confdefs.h.  */
| #include <sys/types.h>
| #include <sys/param.h>
| 
| int
| main ()
| {
| #if BYTE_ORDER != BIG_ENDIAN
|  not big endian
| #endif
| 
|   ;
|   return 0;
| }
configure:4421: result: no
configure:4456: checking whether NLS is requested
configure:4465: result: yes
configure:4503: checking for msgfmt
configure:4534: result: /usr/bin/msgfmt
configure:4543: checking for gmsgfmt
configure:4574: result: /usr/bin/msgfmt
configure:4613: checking for xgettext
configure:4647: result: no
configure:4684: checking for msgmerge
configure:4714: result: /usr/bin/msgmerge
configure:4749: checking for library containing strerror
configure:4779: g++ -o conftest  -funsigned-char -O2 -march=i686 -DNDEBUG -Wall   conftest.cc  >&5
configure:4785: $? = 0
configure:4789: test -z 
			 || test ! -s conftest.err
configure:4792: $? = 0
configure:4795: test -s conftest
configure:4798: $? = 0
configure:4868: result: none required
configure:4876: checking for egrep
configure:4886: result: grep -E
configure:4891: checking for ANSI C header files
configure:4916: g++ -c  -funsigned-char -O2 -march=i686 -DNDEBUG -Wall  conftest.cc >&5
configure:4922: $? = 0
configure:4926: test -z 
			 || test ! -s conftest.err
configure:4929: $? = 0
configure:4932: test -s conftest.o
configure:4935: $? = 0
configure:5021: g++ -o conftest  -funsigned-char -O2 -march=i686 -DNDEBUG -Wall   conftest.cc  >&5
configure:5024: $? = 0
configure:5026: ./conftest
configure:5029: $? = 0
configure:5044: result: yes
configure:5054: checking for an ANSI C-conforming const
configure:5121: g++ -c  -funsigned-char -O2 -march=i686 -DNDEBUG -Wall  conftest.cc >&5
configure:5127: $? = 0
configure:5131: test -z 
			 || test ! -s conftest.err
configure:5134: $? = 0
configure:5137: test -s conftest.o
configure:5140: $? = 0
configure:5151: result: yes
configure:5162: checking for signed
configure:5183: g++ -c  -funsigned-char -O2 -march=i686 -DNDEBUG -Wall  conftest.cc >&5
conftest.cc: In function `int main()':
conftest.cc:22: warning: unused variable `signed char x'
configure:5189: $? = 0
configure:5193: test -z 
			 || test ! -s conftest.err
configure:5196: $? = 0
configure:5199: test -s conftest.o
configure:5202: $? = 0
configure:5213: result: yes
configure:5223: checking for inline
configure:5244: g++ -c  -funsigned-char -O2 -march=i686 -DNDEBUG -Wall  conftest.cc >&5
configure:5250: $? = 0
configure:5254: test -z 
			 || test ! -s conftest.err
configure:5257: $? = 0
configure:5260: test -s conftest.o
configure:5263: $? = 0
configure:5275: result: inline
configure:5308: checking for sys/types.h
configure:5324: g++ -c  -funsigned-char -O2 -march=i686 -DNDEBUG -Wall  conftest.cc >&5
configure:5330: $? = 0
configure:5334: test -z 
			 || test ! -s conftest.err
configure:5337: $? = 0
configure:5340: test -s conftest.o
configure:5343: $? = 0
configure:5354: result: yes
configure:5308: checking for sys/stat.h
configure:5324: g++ -c  -funsigned-char -O2 -march=i686 -DNDEBUG -Wall  conftest.cc >&5
configure:5330: $? = 0
configure:5334: test -z 
			 || test ! -s conftest.err
configure:5337: $? = 0
configure:5340: test -s conftest.o
configure:5343: $? = 0
configure:5354: result: yes
configure:5308: checking for stdlib.h
configure:5324: g++ -c  -funsigned-char -O2 -march=i686 -DNDEBUG -Wall  conftest.cc >&5
configure:5330: $? = 0
configure:5334: test -z 
			 || test ! -s conftest.err
configure:5337: $? = 0
configure:5340: test -s conftest.o
configure:5343: $? = 0
configure:5354: result: yes
configure:5308: checking for string.h
configure:5324: g++ -c  -funsigned-char -O2 -march=i686 -DNDEBUG -Wall  conftest.cc >&5
configure:5330: $? = 0
configure:5334: test -z 
			 || test ! -s conftest.err
configure:5337: $? = 0
configure:5340: test -s conftest.o
configure:5343: $? = 0
configure:5354: result: yes
configure:5308: checking for memory.h
configure:5324: g++ -c  -funsigned-char -O2 -march=i686 -DNDEBUG -Wall  conftest.cc >&5
configure:5330: $? = 0
configure:5334: test -z 
			 || test ! -s conftest.err
configure:5337: $? = 0
configure:5340: test -s conftest.o
configure:5343: $? = 0
configure:5354: result: yes
configure:5308: checking for strings.h
configure:5324: g++ -c  -funsigned-char -O2 -march=i686 -DNDEBUG -Wall  conftest.cc >&5
configure:5330: $? = 0
configure:5334: test -z 
			 || test ! -s conftest.err
configure:5337: $? = 0
configure:5340: test -s conftest.o
configure:5343: $? = 0
configure:5354: result: yes
configure:5308: checking for inttypes.h
configure:5324: g++ -c  -funsigned-char -O2 -march=i686 -DNDEBUG -Wall  conftest.cc >&5
configure:5330: $? = 0
configure:5334: test -z 
			 || test ! -s conftest.err
configure:5337: $? = 0
configure:5340: test -s conftest.o
configure:5343: $? = 0
configure:5354: result: yes
configure:5308: checking for stdint.h
configure:5324: g++ -c  -funsigned-char -O2 -march=i686 -DNDEBUG -Wall  conftest.cc >&5
configure:5330: $? = 0
configure:5334: test -z 
			 || test ! -s conftest.err
configure:5337: $? = 0
configure:5340: test -s conftest.o
configure:5343: $? = 0
configure:5354: result: yes
configure:5308: checking for unistd.h
configure:5324: g++ -c  -funsigned-char -O2 -march=i686 -DNDEBUG -Wall  conftest.cc >&5
configure:5330: $? = 0
configure:5334: test -z 
			 || test ! -s conftest.err
configure:5337: $? = 0
configure:5340: test -s conftest.o
configure:5343: $? = 0
configure:5354: result: yes
configure:5366: checking for off_t
configure:5390: g++ -c  -funsigned-char -O2 -march=i686 -DNDEBUG -Wall  conftest.cc >&5
configure:5396: $? = 0
configure:5400: test -z 
			 || test ! -s conftest.err
configure:5403: $? = 0
configure:5406: test -s conftest.o
configure:5409: $? = 0
configure:5420: result: yes
configure:5432: checking for size_t
configure:5456: g++ -c  -funsigned-char -O2 -march=i686 -DNDEBUG -Wall  conftest.cc >&5
configure:5462: $? = 0
configure:5466: test -z 
			 || test ! -s conftest.err
configure:5469: $? = 0
configure:5472: test -s conftest.o
configure:5475: $? = 0
configure:5486: result: yes
configure:5499: checking for long long
configure:5521: g++ -o conftest  -funsigned-char -O2 -march=i686 -DNDEBUG -Wall   conftest.cc  >&5
configure:5527: $? = 0
configure:5531: test -z 
			 || test ! -s conftest.err
configure:5534: $? = 0
configure:5537: test -s conftest
configure:5540: $? = 0
configure:5552: result: yes
configure:5563: checking for long double
configure:5623: result: yes
configure:5634: checking for wchar_t
configure:5656: g++ -c  -funsigned-char -O2 -march=i686 -DNDEBUG -Wall  conftest.cc >&5
configure:5662: $? = 0
configure:5666: test -z 
			 || test ! -s conftest.err
configure:5669: $? = 0
configure:5672: test -s conftest.o
configure:5675: $? = 0
configure:5686: result: yes
configure:5697: checking for wint_t
configure:5719: g++ -c  -funsigned-char -O2 -march=i686 -DNDEBUG -Wall  conftest.cc >&5
configure:5725: $? = 0
configure:5729: test -z 
			 || test ! -s conftest.err
configure:5732: $? = 0
configure:5735: test -s conftest.o
configure:5738: $? = 0
configure:5749: result: yes
configure:5760: checking for inttypes.h
configure:5782: g++ -c  -funsigned-char -O2 -march=i686 -DNDEBUG -Wall  conftest.cc >&5
conftest.cc: In function `int main()':
conftest.cc:36: warning: unused variable `uintmax_t i'
configure:5788: $? = 0
configure:5792: test -z 
			 || test ! -s conftest.err
configure:5795: $? = 0
configure:5798: test -s conftest.o
configure:5801: $? = 0
configure:5812: result: yes
configure:5823: checking for stdint.h
configure:5845: g++ -c  -funsigned-char -O2 -march=i686 -DNDEBUG -Wall  conftest.cc >&5
conftest.cc: In function `int main()':
conftest.cc:37: warning: unused variable `uintmax_t i'
configure:5851: $? = 0
configure:5855: test -z 
			 || test ! -s conftest.err
configure:5858: $? = 0
configure:5861: test -s conftest.o
configure:5864: $? = 0
configure:5875: result: yes
configure:5888: checking for intmax_t
configure:5918: g++ -c  -funsigned-char -O2 -march=i686 -DNDEBUG -Wall  conftest.cc >&5
conftest.cc: In function `int main()':
conftest.cc:46: warning: unused variable `intmax_t x'
configure:5924: $? = 0
configure:5928: test -z 
			 || test ! -s conftest.err
configure:5931: $? = 0
configure:5934: test -s conftest.o
configure:5937: $? = 0
configure:5948: result: yes
configure:5960: checking whether printf() supports POSIX/XSI format strings
configure:6010: g++ -o conftest  -funsigned-char -O2 -march=i686 -DNDEBUG -Wall   conftest.cc  >&5
configure:6013: $? = 0
configure:6015: ./conftest
configure:6018: $? = 0
configure:6033: result: yes
configure:6047: checking for working alloca.h
configure:6068: g++ -o conftest  -funsigned-char -O2 -march=i686 -DNDEBUG -Wall   conftest.cc  >&5
conftest.cc: In function `int main()':
conftest.cc:39: warning: unused variable `char*p'
configure:6074: $? = 0
configure:6078: test -z 
			 || test ! -s conftest.err
configure:6081: $? = 0
configure:6084: test -s conftest
configure:6087: $? = 0
configure:6099: result: yes
configure:6109: checking for alloca
configure:6150: g++ -o conftest  -funsigned-char -O2 -march=i686 -DNDEBUG -Wall   conftest.cc  >&5
conftest.cc: In function `int main()':
conftest.cc:60: warning: unused variable `char*p'
configure:6156: $? = 0
configure:6160: test -z 
			 || test ! -s conftest.err
configure:6163: $? = 0
configure:6166: test -s conftest
configure:6169: $? = 0
configure:6181: result: yes
configure:6410: checking for stdlib.h
configure:6415: result: yes
configure:6410: checking for unistd.h
configure:6415: result: yes
configure:6559: checking for getpagesize
configure:6616: g++ -o conftest  -funsigned-char -O2 -march=i686 -DNDEBUG -Wall   conftest.cc  >&5
configure:6622: $? = 0
configure:6626: test -z 
			 || test ! -s conftest.err
configure:6629: $? = 0
configure:6632: test -s conftest
configure:6635: $? = 0
configure:6647: result: yes
configure:6657: checking for working mmap
configure:6799: g++ -o conftest  -funsigned-char -O2 -march=i686 -DNDEBUG -Wall   conftest.cc  >&5
configure:6802: $? = 0
configure:6804: ./conftest
configure:6807: $? = 0
configure:6821: result: yes
configure:6833: checking whether we are using the GNU C Library 2.1 or newer
configure:6864: result: yes
configure:6872: checking whether integer division by zero raises SIGFPE
configure:6934: g++ -o conftest  -funsigned-char -O2 -march=i686 -DNDEBUG -Wall   conftest.cc  >&5
configure:6937: $? = 0
configure:6939: ./conftest
configure:6942: $? = 0
configure:6957: result: yes
configure:6970: checking for unsigned long long
configure:6992: g++ -o conftest  -funsigned-char -O2 -march=i686 -DNDEBUG -Wall   conftest.cc  >&5
configure:6998: $? = 0
configure:7002: test -z 
			 || test ! -s conftest.err
configure:7005: $? = 0
configure:7008: test -s conftest
configure:7011: $? = 0
configure:7023: result: yes
configure:7055: checking for inttypes.h
configure:7078: g++ -c  -funsigned-char -O2 -march=i686 -DNDEBUG -Wall  conftest.cc >&5
configure:7084: $? = 0
configure:7088: test -z 
			 || test ! -s conftest.err
configure:7091: $? = 0
configure:7094: test -s conftest.o
configure:7097: $? = 0
configure:7109: result: yes
configure:7122: checking whether the inttypes.h PRIxNN macros are broken
configure:7148: g++ -c  -funsigned-char -O2 -march=i686 -DNDEBUG -Wall  conftest.cc >&5
configure:7154: $? = 0
configure:7158: test -z 
			 || test ! -s conftest.err
configure:7161: $? = 0
configure:7164: test -s conftest.o
configure:7167: $? = 0
configure:7179: result: no
configure:7196: checking for stdint.h
configure:7201: result: yes
configure:7341: checking for SIZE_MAX
configure:7672: g++ -o conftest  -funsigned-char -O2 -march=i686 -DNDEBUG -Wall   conftest.cc  >&5
configure:7675: $? = 0
configure:7677: ./conftest
configure:7680: $? = 0
configure:8000: g++ -o conftest  -funsigned-char -O2 -march=i686 -DNDEBUG -Wall   conftest.cc  >&5
configure:8003: $? = 0
configure:8005: ./conftest
configure:8008: $? = 0
configure:8328: g++ -o conftest  -funsigned-char -O2 -march=i686 -DNDEBUG -Wall   conftest.cc  >&5
configure:8331: $? = 0
configure:8333: ./conftest
configure:8336: $? = 0
configure:8371: g++ -c  -funsigned-char -O2 -march=i686 -DNDEBUG -Wall  conftest.cc >&5
conftest.cc:48: conflicting types for `long unsigned int foo'
conftest.cc:47: previous declaration as `size_t foo'
configure:8377: $? = 1
configure: failed program was:
| /* confdefs.h.  */
| 
| #define PACKAGE_NAME ""
| #define PACKAGE_TARNAME ""
| #define PACKAGE_VERSION ""
| #define PACKAGE_STRING ""
| #define PACKAGE_BUGREPORT ""
| #define PACKAGE "zhcon"
| #define VERSION "0.2.6"
| #define PREFIX "/usr/local"
| #define PLATFORM "Linux"
| #define USING_VGA 1
| #ifdef __cplusplus
| extern "C" void std::exit (int) throw (); using std::exit;
| #endif
| #define STDC_HEADERS 1
| #define HAVE_SYS_TYPES_H 1
| #define HAVE_SYS_STAT_H 1
| #define HAVE_STDLIB_H 1
| #define HAVE_STRING_H 1
| #define HAVE_MEMORY_H 1
| #define HAVE_STRINGS_H 1
| #define HAVE_INTTYPES_H 1
| #define HAVE_STDINT_H 1
| #define HAVE_UNISTD_H 1
| #define HAVE_LONG_LONG 1
| #define HAVE_LONG_DOUBLE 1
| #define HAVE_WCHAR_T 1
| #define HAVE_WINT_T 1
| #define HAVE_INTTYPES_H_WITH_UINTMAX 1
| #define HAVE_STDINT_H_WITH_UINTMAX 1
| #define HAVE_INTMAX_T 1
| #define HAVE_POSIX_PRINTF 1
| #define HAVE_ALLOCA_H 1
| #define HAVE_ALLOCA 1
| #define HAVE_STDLIB_H 1
| #define HAVE_UNISTD_H 1
| #define HAVE_GETPAGESIZE 1
| #define HAVE_MMAP 1
| #define INTDIV0_RAISES_SIGFPE 1
| #define HAVE_UNSIGNED_LONG_LONG 1
| #define HAVE_UINTMAX_T 1
| #define HAVE_INTTYPES_H 1
| #define HAVE_STDINT_H 1
| /* end confdefs.h.  */
| #include <stddef.h>
|         extern size_t foo;
|         extern unsigned long foo;
| 
| int
| main ()
| {
| 
|   ;
|   return 0;
| }
configure:8410: result: 4294967295U
configure:8427: checking for stdint.h
configure:8432: result: yes
configure:8613: checking for ld used by GCC
configure:8677: result: /usr/bin/ld
configure:8686: checking if the linker (/usr/bin/ld) is GNU ld
configure:8699: result: yes
configure:8705: checking for shared library run path origin
configure:8718: result: done
configure:9124: checking for ptrdiff_t
configure:9148: g++ -c  -funsigned-char -O2 -march=i686 -DNDEBUG -Wall  conftest.cc >&5
configure:9154: $? = 0
configure:9158: test -z 
			 || test ! -s conftest.err
configure:9161: $? = 0
configure:9164: test -s conftest.o
configure:9167: $? = 0
configure:9178: result: yes
configure:9215: checking argz.h usability
configure:9227: g++ -c  -funsigned-char -O2 -march=i686 -DNDEBUG -Wall  conftest.cc >&5
configure:9233: $? = 0
configure:9237: test -z 
			 || test ! -s conftest.err
configure:9240: $? = 0
configure:9243: test -s conftest.o
configure:9246: $? = 0
configure:9256: result: yes
configure:9260: checking argz.h presence
configure:9270: g++ -E  conftest.cc
configure:9276: $? = 0
configure:9296: result: yes
configure:9331: checking for argz.h
configure:9338: result: yes
configure:9215: checking limits.h usability
configure:9227: g++ -c  -funsigned-char -O2 -march=i686 -DNDEBUG -Wall  conftest.cc >&5
configure:9233: $? = 0
configure:9237: test -z 
			 || test ! -s conftest.err
configure:9240: $? = 0
configure:9243: test -s conftest.o
configure:9246: $? = 0
configure:9256: result: yes
configure:9260: checking limits.h presence
configure:9270: g++ -E  conftest.cc
configure:9276: $? = 0
configure:9296: result: yes
configure:9331: checking for limits.h
configure:9338: result: yes
configure:9215: checking locale.h usability
configure:9227: g++ -c  -funsigned-char -O2 -march=i686 -DNDEBUG -Wall  conftest.cc >&5
configure:9233: $? = 0
configure:9237: test -z 
			 || test ! -s conftest.err
configure:9240: $? = 0
configure:9243: test -s conftest.o
configure:9246: $? = 0
configure:9256: result: yes
configure:9260: checking locale.h presence
configure:9270: g++ -E  conftest.cc
configure:9276: $? = 0
configure:9296: result: yes
configure:9331: checking for locale.h
configure:9338: result: yes
configure:9215: checking nl_types.h usability
configure:9227: g++ -c  -funsigned-char -O2 -march=i686 -DNDEBUG -Wall  conftest.cc >&5
configure:9233: $? = 0
configure:9237: test -z 
			 || test ! -s conftest.err
configure:9240: $? = 0
configure:9243: test -s conftest.o
configure:9246: $? = 0
configure:9256: result: yes
configure:9260: checking nl_types.h presence
configure:9270: g++ -E  conftest.cc
configure:9276: $? = 0
configure:9296: result: yes
configure:9331: checking for nl_types.h
configure:9338: result: yes
configure:9215: checking malloc.h usability
configure:9227: g++ -c  -funsigned-char -O2 -march=i686 -DNDEBUG -Wall  conftest.cc >&5
configure:9233: $? = 0
configure:9237: test -z 
			 || test ! -s conftest.err
configure:9240: $? = 0
configure:9243: test -s conftest.o
configure:9246: $? = 0
configure:9256: result: yes
configure:9260: checking malloc.h presence
configure:9270: g++ -E  conftest.cc
configure:9276: $? = 0
configure:9296: result: yes
configure:9331: checking for malloc.h
configure:9338: result: yes
configure:9215: checking stddef.h usability
configure:9227: g++ -c  -funsigned-char -O2 -march=i686 -DNDEBUG -Wall  conftest.cc >&5
configure:9233: $? = 0
configure:9237: test -z 
			 || test ! -s conftest.err
configure:9240: $? = 0
configure:9243: test -s conftest.o
configure:9246: $? = 0
configure:9256: result: yes
configure:9260: checking stddef.h presence
configure:9270: g++ -E  conftest.cc
configure:9276: $? = 0
configure:9296: result: yes
configure:9331: checking for stddef.h
configure:9338: result: yes
configure:9206: checking for stdlib.h
configure:9211: result: yes
configure:9206: checking for string.h
configure:9211: result: yes
configure:9206: checking for unistd.h
configure:9211: result: yes
configure:9215: checking sys/param.h usability
configure:9227: g++ -c  -funsigned-char -O2 -march=i686 -DNDEBUG -Wall  conftest.cc >&5
configure:9233: $? = 0
configure:9237: test -z 
			 || test ! -s conftest.err
configure:9240: $? = 0
configure:9243: test -s conftest.o
configure:9246: $? = 0
configure:9256: result: yes
configure:9260: checking sys/param.h presence
configure:9270: g++ -E  conftest.cc
configure:9276: $? = 0
configure:9296: result: yes
configure:9331: checking for sys/param.h
configure:9338: result: yes
configure:9380: checking for asprintf
configure:9437: g++ -o conftest  -funsigned-char -O2 -march=i686 -DNDEBUG -Wall   conftest.cc  >&5
configure:9443: $? = 0
configure:9447: test -z 
			 || test ! -s conftest.err
configure:9450: $? = 0
configure:9453: test -s conftest
configure:9456: $? = 0
configure:9468: result: yes
configure:9380: checking for fwprintf
configure:9437: g++ -o conftest  -funsigned-char -O2 -march=i686 -DNDEBUG -Wall   conftest.cc  >&5
configure:9443: $? = 0
configure:9447: test -z 
			 || test ! -s conftest.err
configure:9450: $? = 0
configure:9453: test -s conftest
configure:9456: $? = 0
configure:9468: result: yes
configure:9380: checking for getcwd
configure:9437: g++ -o conftest  -funsigned-char -O2 -march=i686 -DNDEBUG -Wall   conftest.cc  >&5
configure:9443: $? = 0
configure:9447: test -z 
			 || test ! -s conftest.err
configure:9450: $? = 0
configure:9453: test -s conftest
configure:9456: $? = 0
configure:9468: result: yes
configure:9380: checking for getegid
configure:9437: g++ -o conftest  -funsigned-char -O2 -march=i686 -DNDEBUG -Wall   conftest.cc  >&5
configure:9443: $? = 0
configure:9447: test -z 
			 || test ! -s conftest.err
configure:9450: $? = 0
configure:9453: test -s conftest
configure:9456: $? = 0
configure:9468: result: yes
configure:9380: checking for geteuid
configure:9437: g++ -o conftest  -funsigned-char -O2 -march=i686 -DNDEBUG -Wall   conftest.cc  >&5
configure:9443: $? = 0
configure:9447: test -z 
			 || test ! -s conftest.err
configure:9450: $? = 0
configure:9453: test -s conftest
configure:9456: $? = 0
configure:9468: result: yes
configure:9380: checking for getgid
configure:9437: g++ -o conftest  -funsigned-char -O2 -march=i686 -DNDEBUG -Wall   conftest.cc  >&5
configure:9443: $? = 0
configure:9447: test -z 
			 || test ! -s conftest.err
configure:9450: $? = 0
configure:9453: test -s conftest
configure:9456: $? = 0
configure:9468: result: yes
configure:9380: checking for getuid
configure:9437: g++ -o conftest  -funsigned-char -O2 -march=i686 -DNDEBUG -Wall   conftest.cc  >&5
configure:9443: $? = 0
configure:9447: test -z 
			 || test ! -s conftest.err
configure:9450: $? = 0
configure:9453: test -s conftest
configure:9456: $? = 0
configure:9468: result: yes
configure:9380: checking for mempcpy
configure:9437: g++ -o conftest  -funsigned-char -O2 -march=i686 -DNDEBUG -Wall   conftest.cc  >&5
configure:9443: $? = 0
configure:9447: test -z 
			 || test ! -s conftest.err
configure:9450: $? = 0
configure:9453: test -s conftest
configure:9456: $? = 0
configure:9468: result: yes
configure:9380: checking for munmap
configure:9437: g++ -o conftest  -funsigned-char -O2 -march=i686 -DNDEBUG -Wall   conftest.cc  >&5
configure:9443: $? = 0
configure:9447: test -z 
			 || test ! -s conftest.err
configure:9450: $? = 0
configure:9453: test -s conftest
configure:9456: $? = 0
configure:9468: result: yes
configure:9380: checking for putenv
configure:9437: g++ -o conftest  -funsigned-char -O2 -march=i686 -DNDEBUG -Wall   conftest.cc  >&5
configure:9443: $? = 0
configure:9447: test -z 
			 || test ! -s conftest.err
configure:9450: $? = 0
configure:9453: test -s conftest
configure:9456: $? = 0
configure:9468: result: yes
configure:9380: checking for setenv
configure:9437: g++ -o conftest  -funsigned-char -O2 -march=i686 -DNDEBUG -Wall   conftest.cc  >&5
configure:9443: $? = 0
configure:9447: test -z 
			 || test ! -s conftest.err
configure:9450: $? = 0
configure:9453: test -s conftest
configure:9456: $? = 0
configure:9468: result: yes
configure:9380: checking for setlocale
configure:9437: g++ -o conftest  -funsigned-char -O2 -march=i686 -DNDEBUG -Wall   conftest.cc  >&5
configure:9443: $? = 0
configure:9447: test -z 
			 || test ! -s conftest.err
configure:9450: $? = 0
configure:9453: test -s conftest
configure:9456: $? = 0
configure:9468: result: yes
configure:9380: checking for snprintf
configure:9437: g++ -o conftest  -funsigned-char -O2 -march=i686 -DNDEBUG -Wall   conftest.cc  >&5
configure:9443: $? = 0
configure:9447: test -z 
			 || test ! -s conftest.err
configure:9450: $? = 0
configure:9453: test -s conftest
configure:9456: $? = 0
configure:9468: result: yes
configure:9380: checking for stpcpy
configure:9437: g++ -o conftest  -funsigned-char -O2 -march=i686 -DNDEBUG -Wall   conftest.cc  >&5
configure:9443: $? = 0
configure:9447: test -z 
			 || test ! -s conftest.err
configure:9450: $? = 0
configure:9453: test -s conftest
configure:9456: $? = 0
configure:9468: result: yes
configure:9380: checking for strcasecmp
configure:9437: g++ -o conftest  -funsigned-char -O2 -march=i686 -DNDEBUG -Wall   conftest.cc  >&5
configure:9443: $? = 0
configure:9447: test -z 
			 || test ! -s conftest.err
configure:9450: $? = 0
configure:9453: test -s conftest
configure:9456: $? = 0
configure:9468: result: yes
configure:9380: checking for strdup
configure:9437: g++ -o conftest  -funsigned-char -O2 -march=i686 -DNDEBUG -Wall   conftest.cc  >&5
configure:9443: $? = 0
configure:9447: test -z 
			 || test ! -s conftest.err
configure:9450: $? = 0
configure:9453: test -s conftest
configure:9456: $? = 0
configure:9468: result: yes
configure:9380: checking for strtoul
configure:9437: g++ -o conftest  -funsigned-char -O2 -march=i686 -DNDEBUG -Wall   conftest.cc  >&5
configure:9443: $? = 0
configure:9447: test -z 
			 || test ! -s conftest.err
configure:9450: $? = 0
configure:9453: test -s conftest
configure:9456: $? = 0
configure:9468: result: yes
configure:9380: checking for tsearch
configure:9437: g++ -o conftest  -funsigned-char -O2 -march=i686 -DNDEBUG -Wall   conftest.cc  >&5
configure:9443: $? = 0
configure:9447: test -z 
			 || test ! -s conftest.err
configure:9450: $? = 0
configure:9453: test -s conftest
configure:9456: $? = 0
configure:9468: result: yes
configure:9380: checking for wcslen
configure:9437: g++ -o conftest  -funsigned-char -O2 -march=i686 -DNDEBUG -Wall   conftest.cc  >&5
configure:9443: $? = 0
configure:9447: test -z 
			 || test ! -s conftest.err
configure:9450: $? = 0
configure:9453: test -s conftest
configure:9456: $? = 0
configure:9468: result: yes
configure:9380: checking for __argz_count
configure:9437: g++ -o conftest  -funsigned-char -O2 -march=i686 -DNDEBUG -Wall   conftest.cc  >&5
configure:9443: $? = 0
configure:9447: test -z 
			 || test ! -s conftest.err
configure:9450: $? = 0
configure:9453: test -s conftest
configure:9456: $? = 0
configure:9468: result: yes
configure:9380: checking for __argz_stringify
configure:9437: g++ -o conftest  -funsigned-char -O2 -march=i686 -DNDEBUG -Wall   conftest.cc  >&5
configure:9443: $? = 0
configure:9447: test -z 
			 || test ! -s conftest.err
configure:9450: $? = 0
configure:9453: test -s conftest
configure:9456: $? = 0
configure:9468: result: yes
configure:9380: checking for __argz_next
configure:9437: g++ -o conftest  -funsigned-char -O2 -march=i686 -DNDEBUG -Wall   conftest.cc  >&5
configure:9443: $? = 0
configure:9447: test -z 
			 || test ! -s conftest.err
configure:9450: $? = 0
configure:9453: test -s conftest
configure:9456: $? = 0
configure:9468: result: yes
configure:9380: checking for __fsetlocking
configure:9437: g++ -o conftest  -funsigned-char -O2 -march=i686 -DNDEBUG -Wall   conftest.cc  >&5
configure:9443: $? = 0
configure:9447: test -z 
			 || test ! -s conftest.err
configure:9450: $? = 0
configure:9453: test -s conftest
configure:9456: $? = 0
configure:9468: result: yes
configure:9480: checking whether _snprintf is declared
configure:9505: g++ -c  -funsigned-char -O2 -march=i686 -DNDEBUG -Wall  conftest.cc >&5
conftest.cc: In function `int main()':
conftest.cc:87: `_snprintf' undeclared (first use this function)
conftest.cc:87: (Each undeclared identifier is reported only once for each 
   function it appears in.)
conftest.cc:87: warning: unused variable `char*p'
configure:9511: $? = 1
configure: failed program was:
| /* confdefs.h.  */
| 
| #define PACKAGE_NAME ""
| #define PACKAGE_TARNAME ""
| #define PACKAGE_VERSION ""
| #define PACKAGE_STRING ""
| #define PACKAGE_BUGREPORT ""
| #define PACKAGE "zhcon"
| #define VERSION "0.2.6"
| #define PREFIX "/usr/local"
| #define PLATFORM "Linux"
| #define USING_VGA 1
| #ifdef __cplusplus
| extern "C" void std::exit (int) throw (); using std::exit;
| #endif
| #define STDC_HEADERS 1
| #define HAVE_SYS_TYPES_H 1
| #define HAVE_SYS_STAT_H 1
| #define HAVE_STDLIB_H 1
| #define HAVE_STRING_H 1
| #define HAVE_MEMORY_H 1
| #define HAVE_STRINGS_H 1
| #define HAVE_INTTYPES_H 1
| #define HAVE_STDINT_H 1
| #define HAVE_UNISTD_H 1
| #define HAVE_LONG_LONG 1
| #define HAVE_LONG_DOUBLE 1
| #define HAVE_WCHAR_T 1
| #define HAVE_WINT_T 1
| #define HAVE_INTTYPES_H_WITH_UINTMAX 1
| #define HAVE_STDINT_H_WITH_UINTMAX 1
| #define HAVE_INTMAX_T 1
| #define HAVE_POSIX_PRINTF 1
| #define HAVE_ALLOCA_H 1
| #define HAVE_ALLOCA 1
| #define HAVE_STDLIB_H 1
| #define HAVE_UNISTD_H 1
| #define HAVE_GETPAGESIZE 1
| #define HAVE_MMAP 1
| #define INTDIV0_RAISES_SIGFPE 1
| #define HAVE_UNSIGNED_LONG_LONG 1
| #define HAVE_UINTMAX_T 1
| #define HAVE_INTTYPES_H 1
| #define HAVE_STDINT_H 1
| #define SIZE_MAX 4294967295U
| #define HAVE_STDINT_H 1
| #define HAVE_ARGZ_H 1
| #define HAVE_LIMITS_H 1
| #define HAVE_LOCALE_H 1
| #define HAVE_NL_TYPES_H 1
| #define HAVE_MALLOC_H 1
| #define HAVE_STDDEF_H 1
| #define HAVE_STDLIB_H 1
| #define HAVE_STRING_H 1
| #define HAVE_UNISTD_H 1
| #define HAVE_SYS_PARAM_H 1
| #define HAVE_ASPRINTF 1
| #define HAVE_FWPRINTF 1
| #define HAVE_GETCWD 1
| #define HAVE_GETEGID 1
| #define HAVE_GETEUID 1
| #define HAVE_GETGID 1
| #define HAVE_GETUID 1
| #define HAVE_MEMPCPY 1
| #define HAVE_MUNMAP 1
| #define HAVE_PUTENV 1
| #define HAVE_SETENV 1
| #define HAVE_SETLOCALE 1
| #define HAVE_SNPRINTF 1
| #define HAVE_STPCPY 1
| #define HAVE_STRCASECMP 1
| #define HAVE_STRDUP 1
| #define HAVE_STRTOUL 1
| #define HAVE_TSEARCH 1
| #define HAVE_WCSLEN 1
| #define HAVE___ARGZ_COUNT 1
| #define HAVE___ARGZ_STRINGIFY 1
| #define HAVE___ARGZ_NEXT 1
| #define HAVE___FSETLOCKING 1
| /* end confdefs.h.  */
| #include <stdio.h>
| int
| main ()
| {
| 
| #ifndef _snprintf
|   char *p = (char *) _snprintf;
| #endif
| 
|   ;
|   return 0;
| }
configure:9535: result: no
configure:9549: checking whether _snwprintf is declared
configure:9574: g++ -c  -funsigned-char -O2 -march=i686 -DNDEBUG -Wall  conftest.cc >&5
conftest.cc: In function `int main()':
conftest.cc:88: `_snwprintf' undeclared (first use this function)
conftest.cc:88: (Each undeclared identifier is reported only once for each 
   function it appears in.)
conftest.cc:88: warning: unused variable `char*p'
configure:9580: $? = 1
configure: failed program was:
| /* confdefs.h.  */
| 
| #define PACKAGE_NAME ""
| #define PACKAGE_TARNAME ""
| #define PACKAGE_VERSION ""
| #define PACKAGE_STRING ""
| #define PACKAGE_BUGREPORT ""
| #define PACKAGE "zhcon"
| #define VERSION "0.2.6"
| #define PREFIX "/usr/local"
| #define PLATFORM "Linux"
| #define USING_VGA 1
| #ifdef __cplusplus
| extern "C" void std::exit (int) throw (); using std::exit;
| #endif
| #define STDC_HEADERS 1
| #define HAVE_SYS_TYPES_H 1
| #define HAVE_SYS_STAT_H 1
| #define HAVE_STDLIB_H 1
| #define HAVE_STRING_H 1
| #define HAVE_MEMORY_H 1
| #define HAVE_STRINGS_H 1
| #define HAVE_INTTYPES_H 1
| #define HAVE_STDINT_H 1
| #define HAVE_UNISTD_H 1
| #define HAVE_LONG_LONG 1
| #define HAVE_LONG_DOUBLE 1
| #define HAVE_WCHAR_T 1
| #define HAVE_WINT_T 1
| #define HAVE_INTTYPES_H_WITH_UINTMAX 1
| #define HAVE_STDINT_H_WITH_UINTMAX 1
| #define HAVE_INTMAX_T 1
| #define HAVE_POSIX_PRINTF 1
| #define HAVE_ALLOCA_H 1
| #define HAVE_ALLOCA 1
| #define HAVE_STDLIB_H 1
| #define HAVE_UNISTD_H 1
| #define HAVE_GETPAGESIZE 1
| #define HAVE_MMAP 1
| #define INTDIV0_RAISES_SIGFPE 1
| #define HAVE_UNSIGNED_LONG_LONG 1
| #define HAVE_UINTMAX_T 1
| #define HAVE_INTTYPES_H 1
| #define HAVE_STDINT_H 1
| #define SIZE_MAX 4294967295U
| #define HAVE_STDINT_H 1
| #define HAVE_ARGZ_H 1
| #define HAVE_LIMITS_H 1
| #define HAVE_LOCALE_H 1
| #define HAVE_NL_TYPES_H 1
| #define HAVE_MALLOC_H 1
| #define HAVE_STDDEF_H 1
| #define HAVE_STDLIB_H 1
| #define HAVE_STRING_H 1
| #define HAVE_UNISTD_H 1
| #define HAVE_SYS_PARAM_H 1
| #define HAVE_ASPRINTF 1
| #define HAVE_FWPRINTF 1
| #define HAVE_GETCWD 1
| #define HAVE_GETEGID 1
| #define HAVE_GETEUID 1
| #define HAVE_GETGID 1
| #define HAVE_GETUID 1
| #define HAVE_MEMPCPY 1
| #define HAVE_MUNMAP 1
| #define HAVE_PUTENV 1
| #define HAVE_SETENV 1
| #define HAVE_SETLOCALE 1
| #define HAVE_SNPRINTF 1
| #define HAVE_STPCPY 1
| #define HAVE_STRCASECMP 1
| #define HAVE_STRDUP 1
| #define HAVE_STRTOUL 1
| #define HAVE_TSEARCH 1
| #define HAVE_WCSLEN 1
| #define HAVE___ARGZ_COUNT 1
| #define HAVE___ARGZ_STRINGIFY 1
| #define HAVE___ARGZ_NEXT 1
| #define HAVE___FSETLOCKING 1
| #define HAVE_DECL__SNPRINTF 0
| /* end confdefs.h.  */
| #include <stdio.h>
| int
| main ()
| {
| 
| #ifndef _snwprintf
|   char *p = (char *) _snwprintf;
| #endif
| 
|   ;
|   return 0;
| }
configure:9604: result: no
configure:9619: checking whether feof_unlocked is declared
configure:9644: g++ -c  -funsigned-char -O2 -march=i686 -DNDEBUG -Wall  conftest.cc >&5
conftest.cc: In function `int main()':
conftest.cc:89: warning: unused variable `char*p'
configure:9650: $? = 0
configure:9654: test -z 
			 || test ! -s conftest.err
configure:9657: $? = 0
configure:9660: test -s conftest.o
configure:9663: $? = 0
configure:9674: result: yes
configure:9688: checking whether fgets_unlocked is declared
configure:9713: g++ -c  -funsigned-char -O2 -march=i686 -DNDEBUG -Wall  conftest.cc >&5
conftest.cc: In function `int main()':
conftest.cc:90: warning: unused variable `char*p'
configure:9719: $? = 0
configure:9723: test -z 
			 || test ! -s conftest.err
configure:9726: $? = 0
configure:9729: test -s conftest.o
configure:9732: $? = 0
configure:9743: result: yes
configure:9757: checking whether getc_unlocked is declared
configure:9782: g++ -c  -funsigned-char -O2 -march=i686 -DNDEBUG -Wall  conftest.cc >&5
conftest.cc: In function `int main()':
conftest.cc:91: warning: unused variable `char*p'
configure:9788: $? = 0
configure:9792: test -z 
			 || test ! -s conftest.err
configure:9795: $? = 0
configure:9798: test -s conftest.o
configure:9801: $? = 0
configure:9812: result: yes
configure:9880: checking for iconv
configure:9907: g++ -o conftest  -funsigned-char -O2 -march=i686 -DNDEBUG -Wall   conftest.cc  >&5
configure:9913: $? = 0
configure:9917: test -z 
			 || test ! -s conftest.err
configure:9920: $? = 0
configure:9923: test -s conftest
configure:9926: $? = 0
configure:9992: result: yes
configure:10015: checking for iconv declaration
configure:10049: g++ -c  -funsigned-char -O2 -march=i686 -DNDEBUG -Wall  conftest.cc >&5
configure:10055: $? = 0
configure:10059: test -z 
			 || test ! -s conftest.err
configure:10062: $? = 0
configure:10065: test -s conftest.o
configure:10068: $? = 0
configure:10083: result: 
         extern size_t iconv (iconv_t cd, char * *inbuf, size_t *inbytesleft, char * *outbuf, size_t *outbytesleft);
configure:10094: checking for nl_langinfo and CODESET
configure:10115: g++ -o conftest  -funsigned-char -O2 -march=i686 -DNDEBUG -Wall   conftest.cc  >&5
conftest.cc: In function `int main()':
conftest.cc:92: warning: unused variable `char*cs'
configure:10121: $? = 0
configure:10125: test -z 
			 || test ! -s conftest.err
configure:10128: $? = 0
configure:10131: test -s conftest
configure:10134: $? = 0
configure:10147: result: yes
configure:10159: checking for LC_MESSAGES
configure:10180: g++ -o conftest  -funsigned-char -O2 -march=i686 -DNDEBUG -Wall   conftest.cc  >&5
configure:10186: $? = 0
configure:10190: test -z 
			 || test ! -s conftest.err
configure:10193: $? = 0
configure:10196: test -s conftest
configure:10199: $? = 0
configure:10211: result: yes
configure:10227: checking for bison
configure:10243: found /usr/bin/bison
configure:10253: result: bison
configure:10266: checking version of bison
configure:10275: result: 1.35, ok
configure:10297: checking whether NLS is requested
configure:10306: result: yes
configure:10322: checking whether included gettext is requested
configure:10332: result: no
configure:10343: checking for GNU gettext in libc
configure:10367: g++ -o conftest  -funsigned-char -O2 -march=i686 -DNDEBUG -Wall   conftest.cc  >&5
configure:10373: $? = 0
configure:10377: test -z 
			 || test ! -s conftest.err
configure:10380: $? = 0
configure:10383: test -s conftest
configure:10386: $? = 0
configure:10398: result: yes
configure:10951: checking whether to use NLS
configure:10953: result: yes
configure:10956: checking where the gettext function comes from
configure:10967: result: libc
configure:11076: checking fcntl.h usability
configure:11088: g++ -c  -funsigned-char -O2 -march=i686 -DNDEBUG -Wall  conftest.cc >&5
configure:11094: $? = 0
configure:11098: test -z 
			 || test ! -s conftest.err
configure:11101: $? = 0
configure:11104: test -s conftest.o
configure:11107: $? = 0
configure:11117: result: yes
configure:11121: checking fcntl.h presence
configure:11131: g++ -E  conftest.cc
configure:11137: $? = 0
configure:11157: result: yes
configure:11192: checking for fcntl.h
configure:11199: result: yes
configure:11067: checking for string.h
configure:11072: result: yes
configure:11076: checking sys/ioctl.h usability
configure:11088: g++ -c  -funsigned-char -O2 -march=i686 -DNDEBUG -Wall  conftest.cc >&5
configure:11094: $? = 0
configure:11098: test -z 
			 || test ! -s conftest.err
configure:11101: $? = 0
configure:11104: test -s conftest.o
configure:11107: $? = 0
configure:11117: result: yes
configure:11121: checking sys/ioctl.h presence
configure:11131: g++ -E  conftest.cc
configure:11137: $? = 0
configure:11157: result: yes
configure:11192: checking for sys/ioctl.h
configure:11199: result: yes
configure:11076: checking termios.h usability
configure:11088: g++ -c  -funsigned-char -O2 -march=i686 -DNDEBUG -Wall  conftest.cc >&5
configure:11094: $? = 0
configure:11098: test -z 
			 || test ! -s conftest.err
configure:11101: $? = 0
configure:11104: test -s conftest.o
configure:11107: $? = 0
configure:11117: result: yes
configure:11121: checking termios.h presence
configure:11131: g++ -E  conftest.cc
configure:11137: $? = 0
configure:11157: result: yes
configure:11192: checking for termios.h
configure:11199: result: yes
configure:11067: checking for unistd.h
configure:11072: result: yes
configure:11214: checking for an ANSI C-conforming const
configure:11311: result: yes
configure:11321: checking for inline
configure:11373: result: inline
configure:11400: checking for stdlib.h
configure:11405: result: yes
configure:11400: checking for unistd.h
configure:11405: result: yes
configure:11549: checking for getpagesize
configure:11637: result: yes
configure:11647: checking for working mmap
configure:11811: result: yes
configure:11828: checking for memmove
configure:11885: g++ -o conftest  -funsigned-char -O2 -march=i686 -DNDEBUG -Wall   conftest.cc  >&5
configure:11891: $? = 0
configure:11895: test -z 
			 || test ! -s conftest.err
configure:11898: $? = 0
configure:11901: test -s conftest
configure:11904: $? = 0
configure:11916: result: yes
configure:11828: checking for memset
configure:11885: g++ -o conftest  -funsigned-char -O2 -march=i686 -DNDEBUG -Wall   conftest.cc  >&5
configure:11891: $? = 0
configure:11895: test -z 
			 || test ! -s conftest.err
configure:11898: $? = 0
configure:11901: test -s conftest
configure:11904: $? = 0
configure:11916: result: yes
configure:11828: checking for strchr
configure:11885: g++ -o conftest  -funsigned-char -O2 -march=i686 -DNDEBUG -Wall   conftest.cc  >&5
configure:11891: $? = 0
configure:11895: test -z 
			 || test ! -s conftest.err
configure:11898: $? = 0
configure:11901: test -s conftest
configure:11904: $? = 0
configure:11916: result: yes
configure:12146: checking for forkpty in -lutil
configure:12176: g++ -o conftest  -funsigned-char -O2 -march=i686 -DNDEBUG -Wall   conftest.cc -lutil   >&5
configure:12182: $? = 0
configure:12186: test -z 
			 || test ! -s conftest.err
configure:12189: $? = 0
configure:12192: test -s conftest
configure:12195: $? = 0
configure:12208: result: yes
configure:12220: checking for main in -lcurses
configure:12244: g++ -o conftest  -funsigned-char -O2 -march=i686 -DNDEBUG -Wall   conftest.cc -lcurses  -lutil  >&5
configure:12250: $? = 0
configure:12254: test -z 
			 || test ! -s conftest.err
configure:12257: $? = 0
configure:12260: test -s conftest
configure:12263: $? = 0
configure:12276: result: yes
configure:12302: checking for main in -ldl
configure:12326: g++ -o conftest  -funsigned-char -O2 -march=i686 -DNDEBUG -Wall   conftest.cc -ldl  -lcurses -lutil  >&5
configure:12332: $? = 0
configure:12336: test -z 
			 || test ! -s conftest.err
configure:12339: $? = 0
configure:12342: test -s conftest
configure:12345: $? = 0
configure:12358: result: yes
configure:12372: checking for main in -lpth
configure:12396: g++ -o conftest  -funsigned-char -O2 -march=i686 -DNDEBUG -Wall   conftest.cc -lpth  -ldl -lcurses -lutil  >&5
/usr/bin/ld: cannot find -lpth
collect2: ld returned 1 exit status
configure:12402: $? = 1
configure: failed program was:
| /* confdefs.h.  */
| 
| #define PACKAGE_NAME ""
| #define PACKAGE_TARNAME ""
| #define PACKAGE_VERSION ""
| #define PACKAGE_STRING ""
| #define PACKAGE_BUGREPORT ""
| #define PACKAGE "zhcon"
| #define VERSION "0.2.6"
| #define PREFIX "/usr/local"
| #define PLATFORM "Linux"
| #define USING_VGA 1
| #ifdef __cplusplus
| extern "C" void std::exit (int) throw (); using std::exit;
| #endif
| #define STDC_HEADERS 1
| #define HAVE_SYS_TYPES_H 1
| #define HAVE_SYS_STAT_H 1
| #define HAVE_STDLIB_H 1
| #define HAVE_STRING_H 1
| #define HAVE_MEMORY_H 1
| #define HAVE_STRINGS_H 1
| #define HAVE_INTTYPES_H 1
| #define HAVE_STDINT_H 1
| #define HAVE_UNISTD_H 1
| #define HAVE_LONG_LONG 1
| #define HAVE_LONG_DOUBLE 1
| #define HAVE_WCHAR_T 1
| #define HAVE_WINT_T 1
| #define HAVE_INTTYPES_H_WITH_UINTMAX 1
| #define HAVE_STDINT_H_WITH_UINTMAX 1
| #define HAVE_INTMAX_T 1
| #define HAVE_POSIX_PRINTF 1
| #define HAVE_ALLOCA_H 1
| #define HAVE_ALLOCA 1
| #define HAVE_STDLIB_H 1
| #define HAVE_UNISTD_H 1
| #define HAVE_GETPAGESIZE 1
| #define HAVE_MMAP 1
| #define INTDIV0_RAISES_SIGFPE 1
| #define HAVE_UNSIGNED_LONG_LONG 1
| #define HAVE_UINTMAX_T 1
| #define HAVE_INTTYPES_H 1
| #define HAVE_STDINT_H 1
| #define SIZE_MAX 4294967295U
| #define HAVE_STDINT_H 1
| #define HAVE_ARGZ_H 1
| #define HAVE_LIMITS_H 1
| #define HAVE_LOCALE_H 1
| #define HAVE_NL_TYPES_H 1
| #define HAVE_MALLOC_H 1
| #define HAVE_STDDEF_H 1
| #define HAVE_STDLIB_H 1
| #define HAVE_STRING_H 1
| #define HAVE_UNISTD_H 1
| #define HAVE_SYS_PARAM_H 1
| #define HAVE_ASPRINTF 1
| #define HAVE_FWPRINTF 1
| #define HAVE_GETCWD 1
| #define HAVE_GETEGID 1
| #define HAVE_GETEUID 1
| #define HAVE_GETGID 1
| #define HAVE_GETUID 1
| #define HAVE_MEMPCPY 1
| #define HAVE_MUNMAP 1
| #define HAVE_PUTENV 1
| #define HAVE_SETENV 1
| #define HAVE_SETLOCALE 1
| #define HAVE_SNPRINTF 1
| #define HAVE_STPCPY 1
| #define HAVE_STRCASECMP 1
| #define HAVE_STRDUP 1
| #define HAVE_STRTOUL 1
| #define HAVE_TSEARCH 1
| #define HAVE_WCSLEN 1
| #define HAVE___ARGZ_COUNT 1
| #define HAVE___ARGZ_STRINGIFY 1
| #define HAVE___ARGZ_NEXT 1
| #define HAVE___FSETLOCKING 1
| #define HAVE_DECL__SNPRINTF 0
| #define HAVE_DECL__SNWPRINTF 0
| #define HAVE_DECL_FEOF_UNLOCKED 1
| #define HAVE_DECL_FGETS_UNLOCKED 1
| #define HAVE_DECL_GETC_UNLOCKED 1
| #define HAVE_ICONV 1
| #define ICONV_CONST 
| #define HAVE_LANGINFO_CODESET 1
| #define HAVE_LC_MESSAGES 1
| #define ENABLE_NLS 1
| #define HAVE_GETTEXT 1
| #define HAVE_DCGETTEXT 1
| #define HAVE_FCNTL_H 1
| #define HAVE_STRING_H 1
| #define HAVE_SYS_IOCTL_H 1
| #define HAVE_TERMIOS_H 1
| #define HAVE_UNISTD_H 1
| #define HAVE_STDLIB_H 1
| #define HAVE_UNISTD_H 1
| #define HAVE_GETPAGESIZE 1
| #define HAVE_MMAP 1
| #define HAVE_MEMMOVE 1
| #define HAVE_MEMSET 1
| #define HAVE_STRCHR 1
| #define HAVE_LIBUTIL 1
| #define HAVE_LIBCURSES 1
| #define HAVE_LIBDL 1
| /* end confdefs.h.  */
| 
| 
| int
| main ()
| {
| main ();
|   ;
|   return 0;
| }
configure:12428: result: no
configure:12442: checking for main in -limmclient
configure:12466: g++ -o conftest  -funsigned-char -O2 -march=i686 -DNDEBUG -Wall   conftest.cc -limmclient  -ldl -lcurses -lutil  >&5
/usr/bin/ld: cannot find -limmclient
collect2: ld returned 1 exit status
configure:12472: $? = 1
configure: failed program was:
| /* confdefs.h.  */
| 
| #define PACKAGE_NAME ""
| #define PACKAGE_TARNAME ""
| #define PACKAGE_VERSION ""
| #define PACKAGE_STRING ""
| #define PACKAGE_BUGREPORT ""
| #define PACKAGE "zhcon"
| #define VERSION "0.2.6"
| #define PREFIX "/usr/local"
| #define PLATFORM "Linux"
| #define USING_VGA 1
| #ifdef __cplusplus
| extern "C" void std::exit (int) throw (); using std::exit;
| #endif
| #define STDC_HEADERS 1
| #define HAVE_SYS_TYPES_H 1
| #define HAVE_SYS_STAT_H 1
| #define HAVE_STDLIB_H 1
| #define HAVE_STRING_H 1
| #define HAVE_MEMORY_H 1
| #define HAVE_STRINGS_H 1
| #define HAVE_INTTYPES_H 1
| #define HAVE_STDINT_H 1
| #define HAVE_UNISTD_H 1
| #define HAVE_LONG_LONG 1
| #define HAVE_LONG_DOUBLE 1
| #define HAVE_WCHAR_T 1
| #define HAVE_WINT_T 1
| #define HAVE_INTTYPES_H_WITH_UINTMAX 1
| #define HAVE_STDINT_H_WITH_UINTMAX 1
| #define HAVE_INTMAX_T 1
| #define HAVE_POSIX_PRINTF 1
| #define HAVE_ALLOCA_H 1
| #define HAVE_ALLOCA 1
| #define HAVE_STDLIB_H 1
| #define HAVE_UNISTD_H 1
| #define HAVE_GETPAGESIZE 1
| #define HAVE_MMAP 1
| #define INTDIV0_RAISES_SIGFPE 1
| #define HAVE_UNSIGNED_LONG_LONG 1
| #define HAVE_UINTMAX_T 1
| #define HAVE_INTTYPES_H 1
| #define HAVE_STDINT_H 1
| #define SIZE_MAX 4294967295U
| #define HAVE_STDINT_H 1
| #define HAVE_ARGZ_H 1
| #define HAVE_LIMITS_H 1
| #define HAVE_LOCALE_H 1
| #define HAVE_NL_TYPES_H 1
| #define HAVE_MALLOC_H 1
| #define HAVE_STDDEF_H 1
| #define HAVE_STDLIB_H 1
| #define HAVE_STRING_H 1
| #define HAVE_UNISTD_H 1
| #define HAVE_SYS_PARAM_H 1
| #define HAVE_ASPRINTF 1
| #define HAVE_FWPRINTF 1
| #define HAVE_GETCWD 1
| #define HAVE_GETEGID 1
| #define HAVE_GETEUID 1
| #define HAVE_GETGID 1
| #define HAVE_GETUID 1
| #define HAVE_MEMPCPY 1
| #define HAVE_MUNMAP 1
| #define HAVE_PUTENV 1
| #define HAVE_SETENV 1
| #define HAVE_SETLOCALE 1
| #define HAVE_SNPRINTF 1
| #define HAVE_STPCPY 1
| #define HAVE_STRCASECMP 1
| #define HAVE_STRDUP 1
| #define HAVE_STRTOUL 1
| #define HAVE_TSEARCH 1
| #define HAVE_WCSLEN 1
| #define HAVE___ARGZ_COUNT 1
| #define HAVE___ARGZ_STRINGIFY 1
| #define HAVE___ARGZ_NEXT 1
| #define HAVE___FSETLOCKING 1
| #define HAVE_DECL__SNPRINTF 0
| #define HAVE_DECL__SNWPRINTF 0
| #define HAVE_DECL_FEOF_UNLOCKED 1
| #define HAVE_DECL_FGETS_UNLOCKED 1
| #define HAVE_DECL_GETC_UNLOCKED 1
| #define HAVE_ICONV 1
| #define ICONV_CONST 
| #define HAVE_LANGINFO_CODESET 1
| #define HAVE_LC_MESSAGES 1
| #define ENABLE_NLS 1
| #define HAVE_GETTEXT 1
| #define HAVE_DCGETTEXT 1
| #define HAVE_FCNTL_H 1
| #define HAVE_STRING_H 1
| #define HAVE_SYS_IOCTL_H 1
| #define HAVE_TERMIOS_H 1
| #define HAVE_UNISTD_H 1
| #define HAVE_STDLIB_H 1
| #define HAVE_UNISTD_H 1
| #define HAVE_GETPAGESIZE 1
| #define HAVE_MMAP 1
| #define HAVE_MEMMOVE 1
| #define HAVE_MEMSET 1
| #define HAVE_STRCHR 1
| #define HAVE_LIBUTIL 1
| #define HAVE_LIBCURSES 1
| #define HAVE_LIBDL 1
| /* end confdefs.h.  */
| 
| 
| int
| main ()
| {
| main ();
|   ;
|   return 0;
| }
configure:12498: result: no
configure:12512: checking for main in -limm_server
configure:12536: g++ -o conftest  -funsigned-char -O2 -march=i686 -DNDEBUG -Wall   conftest.cc -limm_server  -ldl -lcurses -lutil  >&5
/usr/bin/ld: cannot find -limm_server
collect2: ld returned 1 exit status
configure:12542: $? = 1
configure: failed program was:
| /* confdefs.h.  */
| 
| #define PACKAGE_NAME ""
| #define PACKAGE_TARNAME ""
| #define PACKAGE_VERSION ""
| #define PACKAGE_STRING ""
| #define PACKAGE_BUGREPORT ""
| #define PACKAGE "zhcon"
| #define VERSION "0.2.6"
| #define PREFIX "/usr/local"
| #define PLATFORM "Linux"
| #define USING_VGA 1
| #ifdef __cplusplus
| extern "C" void std::exit (int) throw (); using std::exit;
| #endif
| #define STDC_HEADERS 1
| #define HAVE_SYS_TYPES_H 1
| #define HAVE_SYS_STAT_H 1
| #define HAVE_STDLIB_H 1
| #define HAVE_STRING_H 1
| #define HAVE_MEMORY_H 1
| #define HAVE_STRINGS_H 1
| #define HAVE_INTTYPES_H 1
| #define HAVE_STDINT_H 1
| #define HAVE_UNISTD_H 1
| #define HAVE_LONG_LONG 1
| #define HAVE_LONG_DOUBLE 1
| #define HAVE_WCHAR_T 1
| #define HAVE_WINT_T 1
| #define HAVE_INTTYPES_H_WITH_UINTMAX 1
| #define HAVE_STDINT_H_WITH_UINTMAX 1
| #define HAVE_INTMAX_T 1
| #define HAVE_POSIX_PRINTF 1
| #define HAVE_ALLOCA_H 1
| #define HAVE_ALLOCA 1
| #define HAVE_STDLIB_H 1
| #define HAVE_UNISTD_H 1
| #define HAVE_GETPAGESIZE 1
| #define HAVE_MMAP 1
| #define INTDIV0_RAISES_SIGFPE 1
| #define HAVE_UNSIGNED_LONG_LONG 1
| #define HAVE_UINTMAX_T 1
| #define HAVE_INTTYPES_H 1
| #define HAVE_STDINT_H 1
| #define SIZE_MAX 4294967295U
| #define HAVE_STDINT_H 1
| #define HAVE_ARGZ_H 1
| #define HAVE_LIMITS_H 1
| #define HAVE_LOCALE_H 1
| #define HAVE_NL_TYPES_H 1
| #define HAVE_MALLOC_H 1
| #define HAVE_STDDEF_H 1
| #define HAVE_STDLIB_H 1
| #define HAVE_STRING_H 1
| #define HAVE_UNISTD_H 1
| #define HAVE_SYS_PARAM_H 1
| #define HAVE_ASPRINTF 1
| #define HAVE_FWPRINTF 1
| #define HAVE_GETCWD 1
| #define HAVE_GETEGID 1
| #define HAVE_GETEUID 1
| #define HAVE_GETGID 1
| #define HAVE_GETUID 1
| #define HAVE_MEMPCPY 1
| #define HAVE_MUNMAP 1
| #define HAVE_PUTENV 1
| #define HAVE_SETENV 1
| #define HAVE_SETLOCALE 1
| #define HAVE_SNPRINTF 1
| #define HAVE_STPCPY 1
| #define HAVE_STRCASECMP 1
| #define HAVE_STRDUP 1
| #define HAVE_STRTOUL 1
| #define HAVE_TSEARCH 1
| #define HAVE_WCSLEN 1
| #define HAVE___ARGZ_COUNT 1
| #define HAVE___ARGZ_STRINGIFY 1
| #define HAVE___ARGZ_NEXT 1
| #define HAVE___FSETLOCKING 1
| #define HAVE_DECL__SNPRINTF 0
| #define HAVE_DECL__SNWPRINTF 0
| #define HAVE_DECL_FEOF_UNLOCKED 1
| #define HAVE_DECL_FGETS_UNLOCKED 1
| #define HAVE_DECL_GETC_UNLOCKED 1
| #define HAVE_ICONV 1
| #define ICONV_CONST 
| #define HAVE_LANGINFO_CODESET 1
| #define HAVE_LC_MESSAGES 1
| #define ENABLE_NLS 1
| #define HAVE_GETTEXT 1
| #define HAVE_DCGETTEXT 1
| #define HAVE_FCNTL_H 1
| #define HAVE_STRING_H 1
| #define HAVE_SYS_IOCTL_H 1
| #define HAVE_TERMIOS_H 1
| #define HAVE_UNISTD_H 1
| #define HAVE_STDLIB_H 1
| #define HAVE_UNISTD_H 1
| #define HAVE_GETPAGESIZE 1
| #define HAVE_MMAP 1
| #define HAVE_MEMMOVE 1
| #define HAVE_MEMSET 1
| #define HAVE_STRCHR 1
| #define HAVE_LIBUTIL 1
| #define HAVE_LIBCURSES 1
| #define HAVE_LIBDL 1
| /* end confdefs.h.  */
| 
| 
| int
| main ()
| {
| main ();
|   ;
|   return 0;
| }
configure:12568: result: no
configure:12609: checking gpm.h usability
configure:12621: g++ -c  -funsigned-char -O2 -march=i686 -DNDEBUG -Wall  conftest.cc >&5
configure:12627: $? = 0
configure:12631: test -z 
			 || test ! -s conftest.err
configure:12634: $? = 0
configure:12637: test -s conftest.o
configure:12640: $? = 0
configure:12650: result: yes
configure:12654: checking gpm.h presence
configure:12664: g++ -E  conftest.cc
configure:12670: $? = 0
configure:12690: result: yes
configure:12725: checking for gpm.h
configure:12732: result: yes
configure:12748: checking for main in -lgpm
configure:12772: g++ -o conftest  -funsigned-char -O2 -march=i686 -DNDEBUG -Wall   conftest.cc -lgpm  -ldl -lcurses -lutil  >&5
configure:12778: $? = 0
configure:12782: test -z 
			 || test ! -s conftest.err
configure:12785: $? = 0
configure:12788: test -s conftest
configure:12791: $? = 0
configure:12804: result: yes
configure:12833: checking ggi/ggi.h usability
configure:12845: g++ -c  -funsigned-char -O2 -march=i686 -DNDEBUG -Wall  conftest.cc >&5
conftest.cc:144:21: ggi/ggi.h: No such file or directory
configure:12851: $? = 1
configure: failed program was:
| /* confdefs.h.  */
| 
| #define PACKAGE_NAME ""
| #define PACKAGE_TARNAME ""
| #define PACKAGE_VERSION ""
| #define PACKAGE_STRING ""
| #define PACKAGE_BUGREPORT ""
| #define PACKAGE "zhcon"
| #define VERSION "0.2.6"
| #define PREFIX "/usr/local"
| #define PLATFORM "Linux"
| #define USING_VGA 1
| #ifdef __cplusplus
| extern "C" void std::exit (int) throw (); using std::exit;
| #endif
| #define STDC_HEADERS 1
| #define HAVE_SYS_TYPES_H 1
| #define HAVE_SYS_STAT_H 1
| #define HAVE_STDLIB_H 1
| #define HAVE_STRING_H 1
| #define HAVE_MEMORY_H 1
| #define HAVE_STRINGS_H 1
| #define HAVE_INTTYPES_H 1
| #define HAVE_STDINT_H 1
| #define HAVE_UNISTD_H 1
| #define HAVE_LONG_LONG 1
| #define HAVE_LONG_DOUBLE 1
| #define HAVE_WCHAR_T 1
| #define HAVE_WINT_T 1
| #define HAVE_INTTYPES_H_WITH_UINTMAX 1
| #define HAVE_STDINT_H_WITH_UINTMAX 1
| #define HAVE_INTMAX_T 1
| #define HAVE_POSIX_PRINTF 1
| #define HAVE_ALLOCA_H 1
| #define HAVE_ALLOCA 1
| #define HAVE_STDLIB_H 1
| #define HAVE_UNISTD_H 1
| #define HAVE_GETPAGESIZE 1
| #define HAVE_MMAP 1
| #define INTDIV0_RAISES_SIGFPE 1
| #define HAVE_UNSIGNED_LONG_LONG 1
| #define HAVE_UINTMAX_T 1
| #define HAVE_INTTYPES_H 1
| #define HAVE_STDINT_H 1
| #define SIZE_MAX 4294967295U
| #define HAVE_STDINT_H 1
| #define HAVE_ARGZ_H 1
| #define HAVE_LIMITS_H 1
| #define HAVE_LOCALE_H 1
| #define HAVE_NL_TYPES_H 1
| #define HAVE_MALLOC_H 1
| #define HAVE_STDDEF_H 1
| #define HAVE_STDLIB_H 1
| #define HAVE_STRING_H 1
| #define HAVE_UNISTD_H 1
| #define HAVE_SYS_PARAM_H 1
| #define HAVE_ASPRINTF 1
| #define HAVE_FWPRINTF 1
| #define HAVE_GETCWD 1
| #define HAVE_GETEGID 1
| #define HAVE_GETEUID 1
| #define HAVE_GETGID 1
| #define HAVE_GETUID 1
| #define HAVE_MEMPCPY 1
| #define HAVE_MUNMAP 1
| #define HAVE_PUTENV 1
| #define HAVE_SETENV 1
| #define HAVE_SETLOCALE 1
| #define HAVE_SNPRINTF 1
| #define HAVE_STPCPY 1
| #define HAVE_STRCASECMP 1
| #define HAVE_STRDUP 1
| #define HAVE_STRTOUL 1
| #define HAVE_TSEARCH 1
| #define HAVE_WCSLEN 1
| #define HAVE___ARGZ_COUNT 1
| #define HAVE___ARGZ_STRINGIFY 1
| #define HAVE___ARGZ_NEXT 1
| #define HAVE___FSETLOCKING 1
| #define HAVE_DECL__SNPRINTF 0
| #define HAVE_DECL__SNWPRINTF 0
| #define HAVE_DECL_FEOF_UNLOCKED 1
| #define HAVE_DECL_FGETS_UNLOCKED 1
| #define HAVE_DECL_GETC_UNLOCKED 1
| #define HAVE_ICONV 1
| #define ICONV_CONST 
| #define HAVE_LANGINFO_CODESET 1
| #define HAVE_LC_MESSAGES 1
| #define ENABLE_NLS 1
| #define HAVE_GETTEXT 1
| #define HAVE_DCGETTEXT 1
| #define HAVE_FCNTL_H 1
| #define HAVE_STRING_H 1
| #define HAVE_SYS_IOCTL_H 1
| #define HAVE_TERMIOS_H 1
| #define HAVE_UNISTD_H 1
| #define HAVE_STDLIB_H 1
| #define HAVE_UNISTD_H 1
| #define HAVE_GETPAGESIZE 1
| #define HAVE_MMAP 1
| #define HAVE_MEMMOVE 1
| #define HAVE_MEMSET 1
| #define HAVE_STRCHR 1
| #define HAVE_LIBUTIL 1
| #define HAVE_LIBCURSES 1
| #define HAVE_LIBDL 1
| #define HAVE_GPM_H 1
| #define HAVE_LIBGPM 1
| /* end confdefs.h.  */
| #include <stdio.h>
| #if HAVE_SYS_TYPES_H
| # include <sys/types.h>
| #endif
| #if HAVE_SYS_STAT_H
| # include <sys/stat.h>
| #endif
| #if STDC_HEADERS
| # include <stdlib.h>
| # include <stddef.h>
| #else
| # if HAVE_STDLIB_H
| #  include <stdlib.h>
| # endif
| #endif
| #if HAVE_STRING_H
| # if !STDC_HEADERS && HAVE_MEMORY_H
| #  include <memory.h>
| # endif
| # include <string.h>
| #endif
| #if HAVE_STRINGS_H
| # include <strings.h>
| #endif
| #if HAVE_INTTYPES_H
| # include <inttypes.h>
| #else
| # if HAVE_STDINT_H
| #  include <stdint.h>
| # endif
| #endif
| #if HAVE_UNISTD_H
| # include <unistd.h>
| #endif
| #include <ggi/ggi.h>
configure:12874: result: no
configure:12878: checking ggi/ggi.h presence
configure:12888: g++ -E  conftest.cc
conftest.cc:110:21: ggi/ggi.h: No such file or directory
configure:12894: $? = 1
configure: failed program was:
| /* confdefs.h.  */
| 
| #define PACKAGE_NAME ""
| #define PACKAGE_TARNAME ""
| #define PACKAGE_VERSION ""
| #define PACKAGE_STRING ""
| #define PACKAGE_BUGREPORT ""
| #define PACKAGE "zhcon"
| #define VERSION "0.2.6"
| #define PREFIX "/usr/local"
| #define PLATFORM "Linux"
| #define USING_VGA 1
| #ifdef __cplusplus
| extern "C" void std::exit (int) throw (); using std::exit;
| #endif
| #define STDC_HEADERS 1
| #define HAVE_SYS_TYPES_H 1
| #define HAVE_SYS_STAT_H 1
| #define HAVE_STDLIB_H 1
| #define HAVE_STRING_H 1
| #define HAVE_MEMORY_H 1
| #define HAVE_STRINGS_H 1
| #define HAVE_INTTYPES_H 1
| #define HAVE_STDINT_H 1
| #define HAVE_UNISTD_H 1
| #define HAVE_LONG_LONG 1
| #define HAVE_LONG_DOUBLE 1
| #define HAVE_WCHAR_T 1
| #define HAVE_WINT_T 1
| #define HAVE_INTTYPES_H_WITH_UINTMAX 1
| #define HAVE_STDINT_H_WITH_UINTMAX 1
| #define HAVE_INTMAX_T 1
| #define HAVE_POSIX_PRINTF 1
| #define HAVE_ALLOCA_H 1
| #define HAVE_ALLOCA 1
| #define HAVE_STDLIB_H 1
| #define HAVE_UNISTD_H 1
| #define HAVE_GETPAGESIZE 1
| #define HAVE_MMAP 1
| #define INTDIV0_RAISES_SIGFPE 1
| #define HAVE_UNSIGNED_LONG_LONG 1
| #define HAVE_UINTMAX_T 1
| #define HAVE_INTTYPES_H 1
| #define HAVE_STDINT_H 1
| #define SIZE_MAX 4294967295U
| #define HAVE_STDINT_H 1
| #define HAVE_ARGZ_H 1
| #define HAVE_LIMITS_H 1
| #define HAVE_LOCALE_H 1
| #define HAVE_NL_TYPES_H 1
| #define HAVE_MALLOC_H 1
| #define HAVE_STDDEF_H 1
| #define HAVE_STDLIB_H 1
| #define HAVE_STRING_H 1
| #define HAVE_UNISTD_H 1
| #define HAVE_SYS_PARAM_H 1
| #define HAVE_ASPRINTF 1
| #define HAVE_FWPRINTF 1
| #define HAVE_GETCWD 1
| #define HAVE_GETEGID 1
| #define HAVE_GETEUID 1
| #define HAVE_GETGID 1
| #define HAVE_GETUID 1
| #define HAVE_MEMPCPY 1
| #define HAVE_MUNMAP 1
| #define HAVE_PUTENV 1
| #define HAVE_SETENV 1
| #define HAVE_SETLOCALE 1
| #define HAVE_SNPRINTF 1
| #define HAVE_STPCPY 1
| #define HAVE_STRCASECMP 1
| #define HAVE_STRDUP 1
| #define HAVE_STRTOUL 1
| #define HAVE_TSEARCH 1
| #define HAVE_WCSLEN 1
| #define HAVE___ARGZ_COUNT 1
| #define HAVE___ARGZ_STRINGIFY 1
| #define HAVE___ARGZ_NEXT 1
| #define HAVE___FSETLOCKING 1
| #define HAVE_DECL__SNPRINTF 0
| #define HAVE_DECL__SNWPRINTF 0
| #define HAVE_DECL_FEOF_UNLOCKED 1
| #define HAVE_DECL_FGETS_UNLOCKED 1
| #define HAVE_DECL_GETC_UNLOCKED 1
| #define HAVE_ICONV 1
| #define ICONV_CONST 
| #define HAVE_LANGINFO_CODESET 1
| #define HAVE_LC_MESSAGES 1
| #define ENABLE_NLS 1
| #define HAVE_GETTEXT 1
| #define HAVE_DCGETTEXT 1
| #define HAVE_FCNTL_H 1
| #define HAVE_STRING_H 1
| #define HAVE_SYS_IOCTL_H 1
| #define HAVE_TERMIOS_H 1
| #define HAVE_UNISTD_H 1
| #define HAVE_STDLIB_H 1
| #define HAVE_UNISTD_H 1
| #define HAVE_GETPAGESIZE 1
| #define HAVE_MMAP 1
| #define HAVE_MEMMOVE 1
| #define HAVE_MEMSET 1
| #define HAVE_STRCHR 1
| #define HAVE_LIBUTIL 1
| #define HAVE_LIBCURSES 1
| #define HAVE_LIBDL 1
| #define HAVE_GPM_H 1
| #define HAVE_LIBGPM 1
| /* end confdefs.h.  */
| #include <ggi/ggi.h>
configure:12914: result: no
configure:12949: checking for ggi/ggi.h
configure:12956: result: no
configure:12972: checking for main in -lggi
configure:12996: g++ -o conftest  -funsigned-char -O2 -march=i686 -DNDEBUG -Wall   conftest.cc -lggi  -lgpm -ldl -lcurses -lutil  >&5
/usr/bin/ld: cannot find -lggi
collect2: ld returned 1 exit status
configure:13002: $? = 1
configure: failed program was:
| /* confdefs.h.  */
| 
| #define PACKAGE_NAME ""
| #define PACKAGE_TARNAME ""
| #define PACKAGE_VERSION ""
| #define PACKAGE_STRING ""
| #define PACKAGE_BUGREPORT ""
| #define PACKAGE "zhcon"
| #define VERSION "0.2.6"
| #define PREFIX "/usr/local"
| #define PLATFORM "Linux"
| #define USING_VGA 1
| #ifdef __cplusplus
| extern "C" void std::exit (int) throw (); using std::exit;
| #endif
| #define STDC_HEADERS 1
| #define HAVE_SYS_TYPES_H 1
| #define HAVE_SYS_STAT_H 1
| #define HAVE_STDLIB_H 1
| #define HAVE_STRING_H 1
| #define HAVE_MEMORY_H 1
| #define HAVE_STRINGS_H 1
| #define HAVE_INTTYPES_H 1
| #define HAVE_STDINT_H 1
| #define HAVE_UNISTD_H 1
| #define HAVE_LONG_LONG 1
| #define HAVE_LONG_DOUBLE 1
| #define HAVE_WCHAR_T 1
| #define HAVE_WINT_T 1
| #define HAVE_INTTYPES_H_WITH_UINTMAX 1
| #define HAVE_STDINT_H_WITH_UINTMAX 1
| #define HAVE_INTMAX_T 1
| #define HAVE_POSIX_PRINTF 1
| #define HAVE_ALLOCA_H 1
| #define HAVE_ALLOCA 1
| #define HAVE_STDLIB_H 1
| #define HAVE_UNISTD_H 1
| #define HAVE_GETPAGESIZE 1
| #define HAVE_MMAP 1
| #define INTDIV0_RAISES_SIGFPE 1
| #define HAVE_UNSIGNED_LONG_LONG 1
| #define HAVE_UINTMAX_T 1
| #define HAVE_INTTYPES_H 1
| #define HAVE_STDINT_H 1
| #define SIZE_MAX 4294967295U
| #define HAVE_STDINT_H 1
| #define HAVE_ARGZ_H 1
| #define HAVE_LIMITS_H 1
| #define HAVE_LOCALE_H 1
| #define HAVE_NL_TYPES_H 1
| #define HAVE_MALLOC_H 1
| #define HAVE_STDDEF_H 1
| #define HAVE_STDLIB_H 1
| #define HAVE_STRING_H 1
| #define HAVE_UNISTD_H 1
| #define HAVE_SYS_PARAM_H 1
| #define HAVE_ASPRINTF 1
| #define HAVE_FWPRINTF 1
| #define HAVE_GETCWD 1
| #define HAVE_GETEGID 1
| #define HAVE_GETEUID 1
| #define HAVE_GETGID 1
| #define HAVE_GETUID 1
| #define HAVE_MEMPCPY 1
| #define HAVE_MUNMAP 1
| #define HAVE_PUTENV 1
| #define HAVE_SETENV 1
| #define HAVE_SETLOCALE 1
| #define HAVE_SNPRINTF 1
| #define HAVE_STPCPY 1
| #define HAVE_STRCASECMP 1
| #define HAVE_STRDUP 1
| #define HAVE_STRTOUL 1
| #define HAVE_TSEARCH 1
| #define HAVE_WCSLEN 1
| #define HAVE___ARGZ_COUNT 1
| #define HAVE___ARGZ_STRINGIFY 1
| #define HAVE___ARGZ_NEXT 1
| #define HAVE___FSETLOCKING 1
| #define HAVE_DECL__SNPRINTF 0
| #define HAVE_DECL__SNWPRINTF 0
| #define HAVE_DECL_FEOF_UNLOCKED 1
| #define HAVE_DECL_FGETS_UNLOCKED 1
| #define HAVE_DECL_GETC_UNLOCKED 1
| #define HAVE_ICONV 1
| #define ICONV_CONST 
| #define HAVE_LANGINFO_CODESET 1
| #define HAVE_LC_MESSAGES 1
| #define ENABLE_NLS 1
| #define HAVE_GETTEXT 1
| #define HAVE_DCGETTEXT 1
| #define HAVE_FCNTL_H 1
| #define HAVE_STRING_H 1
| #define HAVE_SYS_IOCTL_H 1
| #define HAVE_TERMIOS_H 1
| #define HAVE_UNISTD_H 1
| #define HAVE_STDLIB_H 1
| #define HAVE_UNISTD_H 1
| #define HAVE_GETPAGESIZE 1
| #define HAVE_MMAP 1
| #define HAVE_MEMMOVE 1
| #define HAVE_MEMSET 1
| #define HAVE_STRCHR 1
| #define HAVE_LIBUTIL 1
| #define HAVE_LIBCURSES 1
| #define HAVE_LIBDL 1
| #define HAVE_GPM_H 1
| #define HAVE_LIBGPM 1
| /* end confdefs.h.  */
| 
| 
| int
| main ()
| {
| main ();
|   ;
|   return 0;
| }
configure:13028: result: no
configure:13172: creating ./config.status

## ---------------------- ##
## Running config.status. ##
## ---------------------- ##

This file was extended by config.status, which was
generated by GNU Autoconf 2.59.  Invocation command line was

  CONFIG_FILES    = 
  CONFIG_HEADERS  = 
  CONFIG_LINKS    = 
  CONFIG_COMMANDS = 
  $ ./config.status 

on local

config.status:754: creating Makefile
config.status:754: creating doc/Makefile
config.status:754: creating doc/zhcon.1
config.status:754: creating debian/Makefile
config.status:754: creating tools/Makefile
config.status:754: creating font/Makefile
config.status:754: creating input/Makefile
config.status:754: creating src/Makefile
config.status:754: creating src/display/Makefile
config.status:858: creating config.h
config.status:1352: executing depfiles commands
config.status:1352: executing default-1 commands

## ---------------- ##
## Cache variables. ##
## ---------------- ##

ac_cv_build=i686-pc-linux-gnu
ac_cv_build_alias=i686-pc-linux-gnu
ac_cv_c_bigendian=no
ac_cv_c_compiler_gnu=yes
ac_cv_c_const=yes
ac_cv_c_inline=inline
ac_cv_cxx_compiler_gnu=yes
ac_cv_env_CC_set=
ac_cv_env_CC_value=
ac_cv_env_CFLAGS_set=
ac_cv_env_CFLAGS_value=
ac_cv_env_CPPFLAGS_set=
ac_cv_env_CPPFLAGS_value=
ac_cv_env_CPP_set=
ac_cv_env_CPP_value=
ac_cv_env_CXXCPP_set=
ac_cv_env_CXXCPP_value=
ac_cv_env_CXXFLAGS_set=
ac_cv_env_CXXFLAGS_value=
ac_cv_env_CXX_set=
ac_cv_env_CXX_value=
ac_cv_env_LDFLAGS_set=
ac_cv_env_LDFLAGS_value=
ac_cv_env_build_alias_set=
ac_cv_env_build_alias_value=
ac_cv_env_host_alias_set=
ac_cv_env_host_alias_value=
ac_cv_env_target_alias_set=
ac_cv_env_target_alias_value=
ac_cv_exeext=
ac_cv_func___argz_count=yes
ac_cv_func___argz_next=yes
ac_cv_func___argz_stringify=yes
ac_cv_func___fsetlocking=yes
ac_cv_func_alloca_works=yes
ac_cv_func_asprintf=yes
ac_cv_func_fwprintf=yes
ac_cv_func_getcwd=yes
ac_cv_func_getegid=yes
ac_cv_func_geteuid=yes
ac_cv_func_getgid=yes
ac_cv_func_getpagesize=yes
ac_cv_func_getuid=yes
ac_cv_func_memmove=yes
ac_cv_func_mempcpy=yes
ac_cv_func_memset=yes
ac_cv_func_mmap_fixed_mapped=yes
ac_cv_func_munmap=yes
ac_cv_func_putenv=yes
ac_cv_func_setenv=yes
ac_cv_func_setlocale=yes
ac_cv_func_snprintf=yes
ac_cv_func_stpcpy=yes
ac_cv_func_strcasecmp=yes
ac_cv_func_strchr=yes
ac_cv_func_strdup=yes
ac_cv_func_strtoul=yes
ac_cv_func_tsearch=yes
ac_cv_func_wcslen=yes
ac_cv_gnu_library_2_1=yes
ac_cv_have_decl__snprintf=no
ac_cv_have_decl__snwprintf=no
ac_cv_have_decl_feof_unlocked=yes
ac_cv_have_decl_fgets_unlocked=yes
ac_cv_have_decl_getc_unlocked=yes
ac_cv_header_argz_h=yes
ac_cv_header_fcntl_h=yes
ac_cv_header_ggi_ggi_h=no
ac_cv_header_gpm_h=yes
ac_cv_header_inttypes_h=yes
ac_cv_header_limits_h=yes
ac_cv_header_locale_h=yes
ac_cv_header_malloc_h=yes
ac_cv_header_memory_h=yes
ac_cv_header_nl_types_h=yes
ac_cv_header_stdc=yes
ac_cv_header_stddef_h=yes
ac_cv_header_stdint_h=yes
ac_cv_header_stdlib_h=yes
ac_cv_header_string_h=yes
ac_cv_header_strings_h=yes
ac_cv_header_sys_ioctl_h=yes
ac_cv_header_sys_param_h=yes
ac_cv_header_sys_stat_h=yes
ac_cv_header_sys_types_h=yes
ac_cv_header_termios_h=yes
ac_cv_header_unistd_h=yes
ac_cv_host=i686-pc-linux-gnu
ac_cv_host_alias=i686-pc-linux-gnu
ac_cv_lib_curses_main=yes
ac_cv_lib_dl_main=yes
ac_cv_lib_ggi_main=no
ac_cv_lib_gpm_main=yes
ac_cv_lib_imm_server_main=no
ac_cv_lib_immclient_main=no
ac_cv_lib_pth_main=no
ac_cv_lib_util_forkpty=yes
ac_cv_objext=o
ac_cv_path_GMSGFMT=/usr/bin/msgfmt
ac_cv_path_MSGFMT=/usr/bin/msgfmt
ac_cv_path_MSGMERGE=/usr/bin/msgmerge
ac_cv_path_XGETTEXT=:
ac_cv_path_install='/usr/bin/install -c'
ac_cv_prog_AWK=gawk
ac_cv_prog_CPP='gcc -E'
ac_cv_prog_CXXCPP='g++ -E'
ac_cv_prog_INTLBISON=bison
ac_cv_prog_ac_ct_CC=gcc
ac_cv_prog_ac_ct_CXX=g++
ac_cv_prog_ac_ct_RANLIB=ranlib
ac_cv_prog_cc_g=yes
ac_cv_prog_cc_stdc=
ac_cv_prog_cxx_g=yes
ac_cv_prog_egrep='grep -E'
ac_cv_prog_make_make_set=yes
ac_cv_search_strerror='none required'
ac_cv_type_long_long=yes
ac_cv_type_off_t=yes
ac_cv_type_ptrdiff_t=yes
ac_cv_type_size_t=yes
ac_cv_type_unsigned_long_long=yes
ac_cv_working_alloca_h=yes
acl_cv_path_LD=/usr/bin/ld
acl_cv_prog_gnu_ld=yes
acl_cv_rpath=done
am_cv_CC_dependencies_compiler_type=gcc3
am_cv_CXX_dependencies_compiler_type=gcc3
am_cv_func_iconv=yes
am_cv_langinfo_codeset=yes
am_cv_lib_iconv=no
am_cv_proto_iconv='extern size_t iconv (iconv_t cd, char * *inbuf, size_t *inbytesleft, char * *outbuf, size_t *outbytesleft);'
am_cv_proto_iconv_arg1=
am_cv_val_LC_MESSAGES=yes
bh_cv_c_signed=yes
gt_cv_c_intmax_t=yes
gt_cv_c_long_double=yes
gt_cv_c_wchar_t=yes
gt_cv_c_wint_t=yes
gt_cv_func_gnugettext1_libc=yes
gt_cv_func_printf_posix=yes
gt_cv_header_inttypes_h=yes
gt_cv_int_divbyzero_sigfpe=yes
gt_cv_inttypes_pri_broken=no
jm_ac_cv_header_inttypes_h=yes
jm_ac_cv_header_stdint_h=yes
nls_cv_force_use_gnu_gettext=no
nls_cv_header_intl=
nls_cv_header_libgt=
nls_cv_use_gnu_gettext=no

## ----------------- ##
## Output variables. ##
## ----------------- ##

ACLOCAL='${SHELL} /home/ljx/workspace/zhcon-0.2.5/missing --run aclocal-1.9'
ALLOCA=''
AMDEPBACKSLASH='\'
AMDEP_FALSE='#'
AMDEP_TRUE=''
AMTAR='${SHELL} /home/ljx/workspace/zhcon-0.2.5/missing --run tar'
AUTOCONF='${SHELL} /home/ljx/workspace/zhcon-0.2.5/missing --run autoconf'
AUTOHEADER='${SHELL} /home/ljx/workspace/zhcon-0.2.5/missing --run autoheader'
AUTOMAKE='${SHELL} /home/ljx/workspace/zhcon-0.2.5/missing --run automake-1.9'
AWK='gawk'
BUILD_INCLUDED_LIBINTL='no'
CATOBJEXT='.gmo'
CC='gcc'
CCDEPMODE='depmode=gcc3'
CFLAGS=' -funsigned-char -O2 -march=i686 -DNDEBUG -Wall'
CPP='gcc -E'
CPPFLAGS=''
CXX='g++'
CXXCPP='g++ -E'
CXXDEPMODE='depmode=gcc3'
CXXFLAGS=' -funsigned-char -O2 -march=i686 -DNDEBUG -Wall'
CYGPATH_W='echo'
DATADIRNAME='share'
DEFS='-DHAVE_CONFIG_H'
DEPDIR='.deps'
ECHO_C=''
ECHO_N='-n'
ECHO_T=''
EGREP='grep -E'
EXEEXT=''
GENCAT='gencat'
GLIBC21='yes'
GMSGFMT='/usr/bin/msgfmt'
HAVE_ASPRINTF='1'
HAVE_POSIX_PRINTF='1'
HAVE_SNPRINTF='1'
HAVE_WPRINTF='0'
INSTALL_DATA='${INSTALL} -m 644'
INSTALL_PROGRAM='${INSTALL}'
INSTALL_SCRIPT='${INSTALL}'
INSTALL_STRIP_PROGRAM='${SHELL} $(install_sh) -c -s'
INSTOBJEXT='.mo'
INTLBISON='bison'
INTLLIBS=''
INTLOBJS=''
INTL_LIBTOOL_SUFFIX_PREFIX=''
LDFLAGS=''
LIBICONV=''
LIBINTL=''
LIBOBJS=''
LIBS='-lgpm -ldl -lcurses -lutil '
LN_S='ln -s'
LTLIBICONV=''
LTLIBINTL=''
LTLIBOBJS=''
MAINT='#'
MAINTAINER_MODE_FALSE=''
MAINTAINER_MODE_TRUE='#'
MAKEINFO='${SHELL} /home/ljx/workspace/zhcon-0.2.5/missing --run makeinfo'
MKINSTALLDIRS='$(top_builddir)/./mkinstalldirs'
MSGFMT='/usr/bin/msgfmt'
MSGMERGE='/usr/bin/msgmerge'
OBJEXT='o'
PACKAGE='zhcon'
PACKAGE_BUGREPORT=''
PACKAGE_NAME=''
PACKAGE_STRING=''
PACKAGE_TARNAME=''
PACKAGE_VERSION=''
PATH_SEPARATOR=':'
POSUB='po'
RANLIB='ranlib'
SET_MAKE=''
SHELL='/bin/sh'
STRIP=''
USE_INCLUDED_LIBINTL='no'
USE_NLS='yes'
VERSION='0.2.6'
XGETTEXT=':'
ZHCON_LOCALE_DIR='/usr/share/locale'
ac_ct_CC='gcc'
ac_ct_CXX='g++'
ac_ct_RANLIB='ranlib'
ac_ct_STRIP=''
am__fastdepCC_FALSE='#'
am__fastdepCC_TRUE=''
am__fastdepCXX_FALSE='#'
am__fastdepCXX_TRUE=''
am__include='include'
am__leading_dot='.'
am__quote=''
am__tar='${AMTAR} chof - "$$tardir"'
am__untar='${AMTAR} xf -'
bindir='${exec_prefix}/bin'
build='i686-pc-linux-gnu'
build_alias=''
build_cpu='i686'
build_os='linux-gnu'
build_vendor='pc'
datadir='${prefix}/share'
exec_prefix='${prefix}'
host='i686-pc-linux-gnu'
host_alias=''
host_cpu='i686'
host_os='linux-gnu'
host_vendor='pc'
includedir='${prefix}/include'
infodir='${prefix}/info'
install_sh='/home/ljx/workspace/zhcon-0.2.5/install-sh'
libdir='${exec_prefix}/lib'
libexecdir='${exec_prefix}/libexec'
localstatedir='${prefix}/var'
mandir='${prefix}/man'
mkdir_p='mkdir -p --'
oldincludedir='/usr/include'
prefix='/usr/local'
program_transform_name='s,x,x,'
sbindir='${exec_prefix}/sbin'
sharedstatedir='${prefix}/com'
sysconfdir='${prefix}/etc'
target_alias=''

## ----------- ##
## confdefs.h. ##
## ----------- ##

#define ENABLE_NLS 1
#define HAVE_ALLOCA 1
#define HAVE_ALLOCA_H 1
#define HAVE_ARGZ_H 1
#define HAVE_ASPRINTF 1
#define HAVE_DCGETTEXT 1
#define HAVE_DECL_FEOF_UNLOCKED 1
#define HAVE_DECL_FGETS_UNLOCKED 1
#define HAVE_DECL_GETC_UNLOCKED 1
#define HAVE_DECL__SNPRINTF 0
#define HAVE_DECL__SNWPRINTF 0
#define HAVE_FCNTL_H 1
#define HAVE_FWPRINTF 1
#define HAVE_GETCWD 1
#define HAVE_GETEGID 1
#define HAVE_GETEUID 1
#define HAVE_GETGID 1
#define HAVE_GETPAGESIZE 1
#define HAVE_GETPAGESIZE 1
#define HAVE_GETTEXT 1
#define HAVE_GETUID 1
#define HAVE_GPM_H 1
#define HAVE_ICONV 1
#define HAVE_INTMAX_T 1
#define HAVE_INTTYPES_H 1
#define HAVE_INTTYPES_H 1
#define HAVE_INTTYPES_H_WITH_UINTMAX 1
#define HAVE_LANGINFO_CODESET 1
#define HAVE_LC_MESSAGES 1
#define HAVE_LIBCURSES 1
#define HAVE_LIBDL 1
#define HAVE_LIBGPM 1
#define HAVE_LIBUTIL 1
#define HAVE_LIMITS_H 1
#define HAVE_LOCALE_H 1
#define HAVE_LONG_DOUBLE 1
#define HAVE_LONG_LONG 1
#define HAVE_MALLOC_H 1
#define HAVE_MEMMOVE 1
#define HAVE_MEMORY_H 1
#define HAVE_MEMPCPY 1
#define HAVE_MEMSET 1
#define HAVE_MMAP 1
#define HAVE_MMAP 1
#define HAVE_MUNMAP 1
#define HAVE_NL_TYPES_H 1
#define HAVE_POSIX_PRINTF 1
#define HAVE_PUTENV 1
#define HAVE_SETENV 1
#define HAVE_SETLOCALE 1
#define HAVE_SNPRINTF 1
#define HAVE_STDDEF_H 1
#define HAVE_STDINT_H 1
#define HAVE_STDINT_H 1
#define HAVE_STDINT_H 1
#define HAVE_STDINT_H_WITH_UINTMAX 1
#define HAVE_STDLIB_H 1
#define HAVE_STDLIB_H 1
#define HAVE_STDLIB_H 1
#define HAVE_STDLIB_H 1
#define HAVE_STPCPY 1
#define HAVE_STRCASECMP 1
#define HAVE_STRCHR 1
#define HAVE_STRDUP 1
#define HAVE_STRINGS_H 1
#define HAVE_STRING_H 1
#define HAVE_STRING_H 1
#define HAVE_STRING_H 1
#define HAVE_STRTOUL 1
#define HAVE_SYS_IOCTL_H 1
#define HAVE_SYS_PARAM_H 1
#define HAVE_SYS_STAT_H 1
#define HAVE_SYS_TYPES_H 1
#define HAVE_TERMIOS_H 1
#define HAVE_TSEARCH 1
#define HAVE_UINTMAX_T 1
#define HAVE_UNISTD_H 1
#define HAVE_UNISTD_H 1
#define HAVE_UNISTD_H 1
#define HAVE_UNISTD_H 1
#define HAVE_UNISTD_H 1
#define HAVE_UNSIGNED_LONG_LONG 1
#define HAVE_WCHAR_T 1
#define HAVE_WCSLEN 1
#define HAVE_WINT_T 1
#define HAVE___ARGZ_COUNT 1
#define HAVE___ARGZ_NEXT 1
#define HAVE___ARGZ_STRINGIFY 1
#define HAVE___FSETLOCKING 1
#define ICONV_CONST 
#define INTDIV0_RAISES_SIGFPE 1
#define PACKAGE "zhcon"
#define PACKAGE_BUGREPORT ""
#define PACKAGE_NAME ""
#define PACKAGE_STRING ""
#define PACKAGE_TARNAME ""
#define PACKAGE_VERSION ""
#define PLATFORM "Linux"
#define PREFIX "/usr/local"
#define SIZE_MAX 4294967295U
#define STDC_HEADERS 1
#define USING_VGA 1
#define VERSION "0.2.6"
#endif
#ifdef __cplusplus
extern "C" void std::exit (int) throw (); using std::exit;

configure: exit 0
