
BL51 BANKED LINKER/LOCATER V5.03 - SN: Cygnal_8051Fxxx
COPYRIGHT KEIL ELEKTRONIK GmbH 1987 - 2002
E:\GXWORK\signal_machine\old\src\control\datastruct.obj,
E:\GXWORK\signal_machine\old\src\control\cordless_coordinate_control.obj,
E:\GXWORK\signal_machine\old\src\control\kernel.obj,
E:\GXWORK\signal_machine\old\src\control\main.obj,
E:\GXWORK\signal_machine\old\src\control\manual_control.obj,
E:\GXWORK\signal_machine\old\src\control\mcu.obj,
E:\GXWORK\signal_machine\old\src\control\multiple_schedule_control.obj,
E:\GXWORK\signal_machine\old\src\control\STARTUP.obj,
E:\GXWORK\signal_machine\old\src\control\actuate_control.obj,
E:\GXWORK\signal_machine\old\src\control\executive_machine_control.obj,
E:\GXWORK\signal_machine\old\src\control\codec.obj,
E:\GXWORK\signal_machine\old\src\control\command_reactor.obj,
E:\GXWORK\signal_machine\old\src\control\isr_adc0.obj,
E:\GXWORK\signal_machine\old\src\control\isr_int0.obj,
E:\GXWORK\signal_machine\old\src\control\isr_smbus.obj,
E:\GXWORK\signal_machine\old\src\control\isr_timer3.obj,
E:\GXWORK\signal_machine\old\src\control\isr_uart.obj,
E:\GXWORK\signal_machine\old\src\control\util.obj,
E:\GXWORK\signal_machine\old\src\control\detector_set.obj,
E:\GXWORK\signal_machine\old\src\control\smbus.obj,
E:\GXWORK\signal_machine\old\src\control\key_buffer.obj,
E:\GXWORK\signal_machine\old\src\control\error_code.obj,
E:\GXWORK\signal_machine\old\src\control\cpld_fifo.obj  TO E:\GXWORK\signal_machine\old\src\control\datastruct RS(256) PL(68) PW(78) 

*** WARNING L16: UNCALLED SEGMENT, IGNORED FOR OVERLAY PROCESS
    SEGMENT: ?PR?_LAMP_GROUP_SETTING_GET_LAMP_GROUP_COUNT?DATASTRUCT

*** WARNING L16: UNCALLED SEGMENT, IGNORED FOR OVERLAY PROCESS
    SEGMENT: ?PR?_GREEN_CONFLICT_SET_CONFLICT?DATASTRUCT

*** WARNING L16: UNCALLED SEGMENT, IGNORED FOR OVERLAY PROCESS
    SEGMENT: ?PR?_LAMP_GROUP_SETTING_GET_TERMINAL?DATASTRUCT

*** WARNING L16: UNCALLED SEGMENT, IGNORED FOR OVERLAY PROCESS
    SEGMENT: ?PR?_PHASE_SET_OUTPUT?DATASTRUCT

*** WARNING L16: UNCALLED SEGMENT, IGNORED FOR OVERLAY PROCESS
    SEGMENT: ?PR?_IS_PHASE_GREEN_CONFLICT?DATASTRUCT

*** WARNING L16: UNCALLED SEGMENT, IGNORED FOR OVERLAY PROCESS
    SEGMENT: ?PR?_LAMP_HEALTH_GET_HEALTH?DATASTRUCT

*** WARNING L16: UNCALLED SEGMENT, IGNORED FOR OVERLAY PROCESS
    SEGMENT: ?PR?_LAMP_HEALTH_SET_HEALTH?DATASTRUCT

*** WARNING L16: UNCALLED SEGMENT, IGNORED FOR OVERLAY PROCESS
    SEGMENT: ?PR?_DETECTOR_HEALTH_GET_HEALTH?DATASTRUCT

*** WARNING L16: UNCALLED SEGMENT, IGNORED FOR OVERLAY PROCESS
    SEGMENT: ?PR?_DETECTOR_HEALTH_SET_HEALTH?DATASTRUCT

*** WARNING L16: UNCALLED SEGMENT, IGNORED FOR OVERLAY PROCESS
    SEGMENT: ?PR?_DETECTOR_STATUS_GET_STATUS?DATASTRUCT

*** WARNING L16: UNCALLED SEGMENT, IGNORED FOR OVERLAY PROCESS
    SEGMENT: ?PR?_DETECTOR_STATUS_SET_STATUS?DATASTRUCT

*** WARNING L16: UNCALLED SEGMENT, IGNORED FOR OVERLAY PROCESS
    SEGMENT: ?PR?_DO_WAIT?KERNEL

*** WARNING L16: UNCALLED SEGMENT, IGNORED FOR OVERLAY PROCESS
    SEGMENT: ?PR?_IS_CMD_RESPONSE_OK?CODEC

*** WARNING L16: UNCALLED SEGMENT, IGNORED FOR OVERLAY PROCESS
    SEGMENT: ?PR?_ENCODE_SET_SYSTEM_TIME_REQ?CODEC

*** WARNING L16: UNCALLED SEGMENT, IGNORED FOR OVERLAY PROCESS
    SEGMENT: ?PR?_DECODE_GET_SYSTEM_TIME_RES?CODEC

*** WARNING L16: UNCALLED SEGMENT, IGNORED FOR OVERLAY PROCESS
    SEGMENT: ?PR?_ENCODE_SET_SYSTEM_PARAM_REQ?CODEC

*** WARNING L16: UNCALLED SEGMENT, IGNORED FOR OVERLAY PROCESS
    SEGMENT: ?PR?_DECODE_GET_SYSTEM_PARAM_RES?CODEC

*** WARNING L16: UNCALLED SEGMENT, IGNORED FOR OVERLAY PROCESS
    SEGMENT: ?PR?_ENCODE_SET_LAMP_GROUP_SETTING_REQ?CODEC

*** WARNING L16: UNCALLED SEGMENT, IGNORED FOR OVERLAY PROCESS
    SEGMENT: ?PR?_ENCODE_SET_DETECTOR_SETTING_REQ?CODEC

*** WARNING L16: UNCALLED SEGMENT, IGNORED FOR OVERLAY PROCESS
    SEGMENT: ?PR?_DECODE_GET_DETECTOR_SETTING_RES?CODEC

*** WARNING L16: UNCALLED SEGMENT, IGNORED FOR OVERLAY PROCESS
    SEGMENT: ?PR?_ENCODE_SET_PHASE_PLAN_REQ?CODEC

*** WARNING L16: UNCALLED SEGMENT, IGNORED FOR OVERLAY PROCESS
    SEGMENT: ?PR?_ENCODE_GET_PHASE_PLAN_REQ?CODEC

*** WARNING L16: UNCALLED SEGMENT, IGNORED FOR OVERLAY PROCESS
    SEGMENT: ?PR?_DECODE_GET_PHASE_PLAN_RES?CODEC

*** WARNING L16: UNCALLED SEGMENT, IGNORED FOR OVERLAY PROCESS
    SEGMENT: ?PR?_ENCODE_SET_TIMMING_PLAN_REQ?CODEC

*** WARNING L16: UNCALLED SEGMENT, IGNORED FOR OVERLAY PROCESS
    SEGMENT: ?PR?_DECODE_GET_TIMMING_PLAN_RES?CODEC

*** WARNING L16: UNCALLED SEGMENT, IGNORED FOR OVERLAY PROCESS
    SEGMENT: ?PR?_ENCODE_GET_TIMMING_PLAN_REQ?CODEC

*** WARNING L16: UNCALLED SEGMENT, IGNORED FOR OVERLAY PROCESS
    SEGMENT: ?PR?_ENCODE_SET_SCHEDULE_PLAN_REQ?CODEC

*** WARNING L16: UNCALLED SEGMENT, IGNORED FOR OVERLAY PROCESS
    SEGMENT: ?PR?_ENCODE_GET_SCHEDULE_PLAN_REQ?CODEC

*** WARNING L16: UNCALLED SEGMENT, IGNORED FOR OVERLAY PROCESS
    SEGMENT: ?PR?_DECODE_GET_SCHEDULE_PLAN_RES?CODEC

*** WARNING L16: UNCALLED SEGMENT, IGNORED FOR OVERLAY PROCESS
    SEGMENT: ?PR?_ENCODE_SET_SPECIAL_DAY_TABLE_REQ?CODEC

*** WARNING L16: UNCALLED SEGMENT, IGNORED FOR OVERLAY PROCESS
    SEGMENT: ?PR?_ENCODE_SET_COMM_PARAM_REQ?CODEC

*** WARNING L16: UNCALLED SEGMENT, IGNORED FOR OVERLAY PROCESS
    SEGMENT: ?PR?_ENCODE_SET_MULTIPLE_SCHEDULE_CONTROL_PARAM_REQ?CODEC

*** WARNING L16: UNCALLED SEGMENT, IGNORED FOR OVERLAY PROCESS
    SEGMENT: ?PR?_ENCODE_SET_CORDLESS_COORDINATE_CONTROL_PARAM_REQ?CODEC

*** WARNING L16: UNCALLED SEGMENT, IGNORED FOR OVERLAY PROCESS
    SEGMENT: ?PR?_ENCODE_SET_CURRENT_CONTROL_MODE_REQ?CODEC

*** WARNING L16: UNCALLED SEGMENT, IGNORED FOR OVERLAY PROCESS
    SEGMENT: ?PR?_DECODE_SYSTEM_TIME?CODEC

*** WARNING L16: UNCALLED SEGMENT, IGNORED FOR OVERLAY PROCESS
    SEGMENT: ?PR?_DECODE_SYSTEM_PARAM?CODEC

*** WARNING L16: UNCALLED SEGMENT, IGNORED FOR OVERLAY PROCESS
    SEGMENT: ?PR?_DECODE_GET_LAMP_GROUP_SETTING_RES?CODEC

*** WARNING L16: UNCALLED SEGMENT, IGNORED FOR OVERLAY PROCESS
    SEGMENT: ?PR?_DECODE_GET_SPECIAL_DAY_TABLE_RES?CODEC

*** WARNING L16: UNCALLED SEGMENT, IGNORED FOR OVERLAY PROCESS
    SEGMENT: ?PR?_ENCODE_GET_COMM_PARAM_REQ?CODEC

*** WARNING L16: UNCALLED SEGMENT, IGNORED FOR OVERLAY PROCESS
    SEGMENT: ?PR?_DECODE_GET_COMM_PARAM_RES?CODEC

*** WARNING L16: UNCALLED SEGMENT, IGNORED FOR OVERLAY PROCESS
    SEGMENT: ?PR?_DECODE_GET_MULTIPLE_SCHEDULE_CONTROL_PARAM_RES?CODEC

*** WARNING L16: UNCALLED SEGMENT, IGNORED FOR OVERLAY PROCESS
    SEGMENT: ?PR?_DECODE_GET_ACTUATE_CONTROL_PARAM_RES?CODEC

*** WARNING L16: UNCALLED SEGMENT, IGNORED FOR OVERLAY PROCESS
    SEGMENT: ?PR?_ENCODE_SET_ACTUATE_CONTROL_PARAM_REQ?CODEC

*** WARNING L16: UNCALLED SEGMENT, IGNORED FOR OVERLAY PROCESS
    SEGMENT: ?PR?_DECODE_GET_CORDLESS_COORDINATE_CONTROL_PARAM_RES?CODEC

*** WARNING L16: UNCALLED SEGMENT, IGNORED FOR OVERLAY PROCESS
    SEGMENT: ?PR?_DECODE_GET_CURRENT_CONTROL_MODE_RES?CODEC

*** WARNING L16: UNCALLED SEGMENT, IGNORED FOR OVERLAY PROCESS
    SEGMENT: ?PR?_DECODE_GET_MACHINE_STATUS_RES?CODEC

*** WARNING L16: UNCALLED SEGMENT, IGNORED FOR OVERLAY PROCESS
    SEGMENT: ?PR?_ENCODE_DO_LAMP_STATUS_REQ?CODEC

*** WARNING L16: UNCALLED SEGMENT, IGNORED FOR OVERLAY PROCESS
    SEGMENT: ?PR?_DECODE_GET_DETECTOR_COUNTER_RES?CODEC

*** WARNING L16: UNCALLED SEGMENT, IGNORED FOR OVERLAY PROCESS
    SEGMENT: ?PR?_DECODE_GET_DETECTOR_STATUS_RES?CODEC

*** WARNING L16: UNCALLED SEGMENT, IGNORED FOR OVERLAY PROCESS
    SEGMENT: ?PR?_DECODE_GET_LAMP_HEALTH_RES?CODEC

*** WARNING L16: UNCALLED SEGMENT, IGNORED FOR OVERLAY PROCESS
    SEGMENT: ?PR?_DECODE_GET_DETECTOR_HEALTH_RES?CODEC

*** WARNING L16: UNCALLED SEGMENT, IGNORED FOR OVERLAY PROCESS
    SEGMENT: ?PR?_DECODE_GET_VOLUME_OCCUPY_RES?CODEC

*** WARNING L16: UNCALLED SEGMENT, IGNORED FOR OVERLAY PROCESS
    SEGMENT: ?PR?_HANDLE_DO_LAMP_STATUS?COMMAND_REACTOR

*** WARNING L16: UNCALLED SEGMENT, IGNORED FOR OVERLAY PROCESS
    SEGMENT: ?PR?_DEL_SET?DETECTOR_SET

*** WARNING L16: UNCALLED SEGMENT, IGNORED FOR OVERLAY PROCESS
    SEGMENT: ?PR?SAVE_ERR?SMBUS

*** WARNING L16: UNCALLED SEGMENT, IGNORED FOR OVERLAY PROCESS
    SEGMENT: ?PR?_IS_BUFFER_EMPTY?KEY_BUFFER

*** WARNING L16: UNCALLED SEGMENT, IGNORED FOR OVERLAY PROCESS
    SEGMENT: ?PR?_EMPTY_KEY_BUFFER?KEY_BUFFER

*** WARNING L16: UNCALLED SEGMENT, IGNORED FOR OVERLAY PROCESS
    SEGMENT: ?PR?_CPLD_FIFO_IS_WILL_FULL?CPLD_FIFO

******************************************************************************
* RESTRICTED VERSION WITH 1000H BYTE CODE SIZE LIMIT; USED: 9CD3H BYTE (980%) *
******************************************************************************

>> 
>> 
>> 
Program Size: data=80.5 xdata=15226 code=39571
LINK/LOCATE RUN COMPLETE.  58 WARNING(S),  0 ERROR(S)

*** WARNING L16: UNCALLED SEGMENT, IGNORED FOR OVERLAY PROCESS
    SEGMENT: ?PR?_LAMP_GROUP_SETTING_GET_LAMP_GROUP_COUNT?DATASTRUCT

*** WARNING L16: UNCALLED SEGMENT, IGNORED FOR OVERLAY PROCESS
    SEGMENT: ?PR?_GREEN_CONFLICT_SET_CONFLICT?DATASTRUCT

*** WARNING L16: UNCALLED SEGMENT, IGNORED FOR OVERLAY PROCESS
    SEGMENT: ?PR?_LAMP_GROUP_SETTING_GET_TERMINAL?DATASTRUCT

*** WARNING L16: UNCALLED SEGMENT, IGNORED FOR OVERLAY PROCESS
    SEGMENT: ?PR?_PHASE_SET_OUTPUT?DATASTRUCT

*** WARNING L16: UNCALLED SEGMENT, IGNORED FOR OVERLAY PROCESS
    SEGMENT: ?PR?_IS_PHASE_GREEN_CONFLICT?DATASTRUCT

*** WARNING L16: UNCALLED SEGMENT, IGNORED FOR OVERLAY PROCESS
    SEGMENT: ?PR?_LAMP_HEALTH_GET_HEALTH?DATASTRUCT

*** WARNING L16: UNCALLED SEGMENT, IGNORED FOR OVERLAY PROCESS
    SEGMENT: ?PR?_LAMP_HEALTH_SET_HEALTH?DATASTRUCT

*** WARNING L16: UNCALLED SEGMENT, IGNORED FOR OVERLAY PROCESS
    SEGMENT: ?PR?_DETECTOR_HEALTH_GET_HEALTH?DATASTRUCT

*** WARNING L16: UNCALLED SEGMENT, IGNORED FOR OVERLAY PROCESS
    SEGMENT: ?PR?_DETECTOR_HEALTH_SET_HEALTH?DATASTRUCT

*** WARNING L16: UNCALLED SEGMENT, IGNORED FOR OVERLAY PROCESS
    SEGMENT: ?PR?_DETECTOR_STATUS_GET_STATUS?DATASTRUCT

*** WARNING L16: UNCALLED SEGMENT, IGNORED FOR OVERLAY PROCESS
    SEGMENT: ?PR?_DETECTOR_STATUS_SET_STATUS?DATASTRUCT

*** WARNING L16: UNCALLED SEGMENT, IGNORED FOR OVERLAY PROCESS
    SEGMENT: ?PR?_DO_WAIT?KERNEL

*** WARNING L16: UNCALLED SEGMENT, IGNORED FOR OVERLAY PROCESS
    SEGMENT: ?PR?_IS_CMD_RESPONSE_OK?CODEC

*** WARNING L16: UNCALLED SEGMENT, IGNORED FOR OVERLAY PROCESS
    SEGMENT: ?PR?_ENCODE_SET_SYSTEM_TIME_REQ?CODEC

*** WARNING L16: UNCALLED SEGMENT, IGNORED FOR OVERLAY PROCESS
    SEGMENT: ?PR?_DECODE_GET_SYSTEM_TIME_RES?CODEC

*** WARNING L16: UNCALLED SEGMENT, IGNORED FOR OVERLAY PROCESS
    SEGMENT: ?PR?_ENCODE_SET_SYSTEM_PARAM_REQ?CODEC

*** WARNING L16: UNCALLED SEGMENT, IGNORED FOR OVERLAY PROCESS
    SEGMENT: ?PR?_DECODE_GET_SYSTEM_PARAM_RES?CODEC

*** WARNING L16: UNCALLED SEGMENT, IGNORED FOR OVERLAY PROCESS
    SEGMENT: ?PR?_ENCODE_SET_LAMP_GROUP_SETTING_REQ?CODEC

*** WARNING L16: UNCALLED SEGMENT, IGNORED FOR OVERLAY PROCESS
    SEGMENT: ?PR?_ENCODE_SET_DETECTOR_SETTING_REQ?CODEC

*** WARNING L16: UNCALLED SEGMENT, IGNORED FOR OVERLAY PROCESS
    SEGMENT: ?PR?_DECODE_GET_DETECTOR_SETTING_RES?CODEC

*** WARNING L16: UNCALLED SEGMENT, IGNORED FOR OVERLAY PROCESS
    SEGMENT: ?PR?_ENCODE_SET_PHASE_PLAN_REQ?CODEC

*** WARNING L16: UNCALLED SEGMENT, IGNORED FOR OVERLAY PROCESS
    SEGMENT: ?PR?_ENCODE_GET_PHASE_PLAN_REQ?CODEC

*** WARNING L16: UNCALLED SEGMENT, IGNORED FOR OVERLAY PROCESS
    SEGMENT: ?PR?_DECODE_GET_PHASE_PLAN_RES?CODEC

*** WARNING L16: UNCALLED SEGMENT, IGNORED FOR OVERLAY PROCESS
    SEGMENT: ?PR?_ENCODE_SET_TIMMING_PLAN_REQ?CODEC

*** WARNING L16: UNCALLED SEGMENT, IGNORED FOR OVERLAY PROCESS
    SEGMENT: ?PR?_DECODE_GET_TIMMING_PLAN_RES?CODEC

*** WARNING L16: UNCALLED SEGMENT, IGNORED FOR OVERLAY PROCESS
    SEGMENT: ?PR?_ENCODE_GET_TIMMING_PLAN_REQ?CODEC

*** WARNING L16: UNCALLED SEGMENT, IGNORED FOR OVERLAY PROCESS
    SEGMENT: ?PR?_ENCODE_SET_SCHEDULE_PLAN_REQ?CODEC

*** WARNING L16: UNCALLED SEGMENT, IGNORED FOR OVERLAY PROCESS
    SEGMENT: ?PR?_ENCODE_GET_SCHEDULE_PLAN_REQ?CODEC

*** WARNING L16: UNCALLED SEGMENT, IGNORED FOR OVERLAY PROCESS
    SEGMENT: ?PR?_DECODE_GET_SCHEDULE_PLAN_RES?CODEC

*** WARNING L16: UNCALLED SEGMENT, IGNORED FOR OVERLAY PROCESS
    SEGMENT: ?PR?_ENCODE_SET_SPECIAL_DAY_TABLE_REQ?CODEC

*** WARNING L16: UNCALLED SEGMENT, IGNORED FOR OVERLAY PROCESS
    SEGMENT: ?PR?_ENCODE_SET_COMM_PARAM_REQ?CODEC

*** WARNING L16: UNCALLED SEGMENT, IGNORED FOR OVERLAY PROCESS
    SEGMENT: ?PR?_ENCODE_SET_MULTIPLE_SCHEDULE_CONTROL_PARAM_REQ?CODEC

*** WARNING L16: UNCALLED SEGMENT, IGNORED FOR OVERLAY PROCESS
    SEGMENT: ?PR?_ENCODE_SET_CORDLESS_COORDINATE_CONTROL_PARAM_REQ?CODEC

*** WARNING L16: UNCALLED SEGMENT, IGNORED FOR OVERLAY PROCESS
    SEGMENT: ?PR?_ENCODE_SET_CURRENT_CONTROL_MODE_REQ?CODEC

*** WARNING L16: UNCALLED SEGMENT, IGNORED FOR OVERLAY PROCESS
    SEGMENT: ?PR?_DECODE_SYSTEM_TIME?CODEC

*** WARNING L16: UNCALLED SEGMENT, IGNORED FOR OVERLAY PROCESS
    SEGMENT: ?PR?_DECODE_SYSTEM_PARAM?CODEC

*** WARNING L16: UNCALLED SEGMENT, IGNORED FOR OVERLAY PROCESS
    SEGMENT: ?PR?_DECODE_GET_LAMP_GROUP_SETTING_RES?CODEC

*** WARNING L16: UNCALLED SEGMENT, IGNORED FOR OVERLAY PROCESS
    SEGMENT: ?PR?_DECODE_GET_SPECIAL_DAY_TABLE_RES?CODEC

*** WARNING L16: UNCALLED SEGMENT, IGNORED FOR OVERLAY PROCESS
    SEGMENT: ?PR?_ENCODE_GET_COMM_PARAM_REQ?CODEC

*** WARNING L16: UNCALLED SEGMENT, IGNORED FOR OVERLAY PROCESS
    SEGMENT: ?PR?_DECODE_GET_COMM_PARAM_RES?CODEC

*** WARNING L16: UNCALLED SEGMENT, IGNORED FOR OVERLAY PROCESS
    SEGMENT: ?PR?_DECODE_GET_MULTIPLE_SCHEDULE_CONTROL_PARAM_RES?CODEC

*** WARNING L16: UNCALLED SEGMENT, IGNORED FOR OVERLAY PROCESS
    SEGMENT: ?PR?_DECODE_GET_ACTUATE_CONTROL_PARAM_RES?CODEC

*** WARNING L16: UNCALLED SEGMENT, IGNORED FOR OVERLAY PROCESS
    SEGMENT: ?PR?_ENCODE_SET_ACTUATE_CONTROL_PARAM_REQ?CODEC

*** WARNING L16: UNCALLED SEGMENT, IGNORED FOR OVERLAY PROCESS
    SEGMENT: ?PR?_DECODE_GET_CORDLESS_COORDINATE_CONTROL_PARAM_RES?CODEC

*** WARNING L16: UNCALLED SEGMENT, IGNORED FOR OVERLAY PROCESS
    SEGMENT: ?PR?_DECODE_GET_CURRENT_CONTROL_MODE_RES?CODEC

*** WARNING L16: UNCALLED SEGMENT, IGNORED FOR OVERLAY PROCESS
    SEGMENT: ?PR?_DECODE_GET_MACHINE_STATUS_RES?CODEC

*** WARNING L16: UNCALLED SEGMENT, IGNORED FOR OVERLAY PROCESS
    SEGMENT: ?PR?_ENCODE_DO_LAMP_STATUS_REQ?CODEC

*** WARNING L16: UNCALLED SEGMENT, IGNORED FOR OVERLAY PROCESS
    SEGMENT: ?PR?_DECODE_GET_DETECTOR_COUNTER_RES?CODEC

*** WARNING L16: UNCALLED SEGMENT, IGNORED FOR OVERLAY PROCESS
    SEGMENT: ?PR?_DECODE_GET_DETECTOR_STATUS_RES?CODEC

*** WARNING L16: UNCALLED SEGMENT, IGNORED FOR OVERLAY PROCESS
    SEGMENT: ?PR?_DECODE_GET_LAMP_HEALTH_RES?CODEC

*** WARNING L16: UNCALLED SEGMENT, IGNORED FOR OVERLAY PROCESS
    SEGMENT: ?PR?_DECODE_GET_DETECTOR_HEALTH_RES?CODEC

*** WARNING L16: UNCALLED SEGMENT, IGNORED FOR OVERLAY PROCESS
    SEGMENT: ?PR?_DECODE_GET_VOLUME_OCCUPY_RES?CODEC

*** WARNING L16: UNCALLED SEGMENT, IGNORED FOR OVERLAY PROCESS
    SEGMENT: ?PR?_HANDLE_DO_LAMP_STATUS?COMMAND_REACTOR

*** WARNING L16: UNCALLED SEGMENT, IGNORED FOR OVERLAY PROCESS
    SEGMENT: ?PR?_DEL_SET?DETECTOR_SET

*** WARNING L16: UNCALLED SEGMENT, IGNORED FOR OVERLAY PROCESS
    SEGMENT: ?PR?SAVE_ERR?SMBUS

*** WARNING L16: UNCALLED SEGMENT, IGNORED FOR OVERLAY PROCESS
    SEGMENT: ?PR?_IS_BUFFER_EMPTY?KEY_BUFFER

*** WARNING L16: UNCALLED SEGMENT, IGNORED FOR OVERLAY PROCESS
    SEGMENT: ?PR?_EMPTY_KEY_BUFFER?KEY_BUFFER

*** WARNING L16: UNCALLED SEGMENT, IGNORED FOR OVERLAY PROCESS
    SEGMENT: ?PR?_CPLD_FIFO_IS_WILL_FULL?CPLD_FIFO

*** FATAL ERROR L250: CODE SIZE LIMIT IN RESTRICTED VERSION EXCEEDED
    MODULE:  D:\SILABS\MCU\IDEFILES\C51\LIB\C51L.LIB (-----)
    LIMIT:   1000H BYTES