This file contains any messages produced by compilers while
running configure, to aid debugging if configure makes a mistake.

It was created by configure, which was
generated by GNU Autoconf 2.52.20030208.  Invocation command line was

  $ ./configure 

## ---------- ##
## Platform.  ##
## ---------- ##

hostname = local
uname -m = i686
uname -r = 2.4.20-8
uname -s = Linux
uname -v = #1 Thu Mar 13 17:54:28 EST 2003

/usr/bin/uname -p = unknown
/bin/uname -X     = unknown

/bin/arch              = i686
/usr/bin/arch -k       = unknown
/usr/convex/getsysinfo = unknown
hostinfo               = unknown
/bin/machine           = unknown
/usr/bin/oslevel       = unknown
/bin/universe          = unknown

PATH = /usr/local/bin:/bin:/usr/bin:/usr/X11R6/bin:/home/ljx/bin

## ------------ ##
## Core tests.  ##
## ------------ ##

configure:1029: PATH=".;."; conftest.sh
./configure: line 1030: conftest.sh: command not found
configure:1032: $? = 127
configure:1049: result: Configuring NCURSES 5.4 ABI 5 (Sat Apr 26 17:45:11 CST 2014)
configure:1154: checking build system type
configure:1172: result: i686-pc-linux-gnu
configure:1179: checking host system type
configure:1193: result: i686-pc-linux-gnu
configure:1201: checking target system type
configure:1215: result: i686-pc-linux-gnu
configure:1246: result: Configuring for linux-gnu
configure:1270: checking for prefix
configure:1282: result: /usr
configure:1357: checking for gcc
configure:1372: found /usr/bin/gcc
configure:1380: result: gcc
configure:1608: checking for C compiler version
configure:1611: gcc --version </dev/null >&5
gcc (GCC) 3.2.2 20030222 (Red Hat Linux 3.2.2-5)
Copyright (C) 2002 Free Software Foundation, Inc.
This is free software; see the source for copying conditions.  There is NO
warranty; not even for MERCHANTABILITY or FITNESS FOR A PARTICULAR PURPOSE.

configure:1614: $? = 0
configure:1616: gcc -v </dev/null >&5
Reading specs from /usr/lib/gcc-lib/i386-redhat-linux/3.2.2/specs
Configured with: ../configure --prefix=/usr --mandir=/usr/share/man --infodir=/usr/share/info --enable-shared --enable-threads=posix --disable-checking --with-system-zlib --enable-__cxa_atexit --host=i386-redhat-linux
Thread model: posix
gcc version 3.2.2 20030222 (Red Hat Linux 3.2.2-5)
configure:1619: $? = 0
configure:1621: gcc -V </dev/null >&5
gcc: argument to `-V' is missing
configure:1624: $? = 1
configure:1644: checking for C compiler default output
configure:1647: gcc    conftest.c  >&5
configure:1650: $? = 0
configure:1679: result: a.out
configure:1684: checking whether the C compiler works
configure:1690: ./a.out
configure:1693: $? = 0
configure:1708: result: yes
configure:1715: checking whether we are cross compiling
configure:1717: result: no
configure:1720: checking for executable suffix
configure:1722: gcc -o conftest    conftest.c  >&5
configure:1725: $? = 0
configure:1747: result: 
configure:1753: checking for object suffix
configure:1771: gcc -c   conftest.c >&5
configure:1774: $? = 0
configure:1793: result: o
configure:1797: checking whether we are using the GNU C compiler
configure:1818: gcc -c   conftest.c >&5
configure:1821: $? = 0
configure:1824: test -s conftest.o
configure:1827: $? = 0
configure:1839: result: yes
configure:1845: checking whether gcc accepts -g
configure:1863: gcc -c -g  conftest.c >&5
configure:1866: $? = 0
configure:1869: test -s conftest.o
configure:1872: $? = 0
configure:1882: result: yes
configure:1909: gcc -c -g -O2  conftest.c >&5
conftest.c:2: parse error before "me"
configure:1912: $? = 1
configure: failed program was:
#ifndef __cplusplus
  choke me
#endif
configure:2012: checking version of gcc
configure:2016: result: 3.2.2
configure:2025: checking how to run the C preprocessor
configure:2051: gcc -E  conftest.c
configure:2057: $? = 0
configure:2084: gcc -E  conftest.c
configure:2081:28: ac_nonexistent.h: No such file or directory
configure:2090: $? = 1
configure: failed program was:
#line 2080 "configure"
#include "confdefs.h"
#include <ac_nonexistent.h>
configure:2127: result: gcc -E
configure:2142: gcc -E  conftest.c
configure:2148: $? = 0
configure:2175: gcc -E  conftest.c
configure:2172:28: ac_nonexistent.h: No such file or directory
configure:2181: $? = 1
configure: failed program was:
#line 2171 "configure"
#include "confdefs.h"
#include <ac_nonexistent.h>
configure:2221: checking whether gcc needs -traditional
configure:2256: result: no
configure:2263: checking for POSIXized ISC
configure:2282: result: no
configure:2287: checking for gcc option to accept ANSI C
configure:2364: gcc -c -g -O2  -DCC_HAS_PROTOS  conftest.c >&5
configure:2367: $? = 0
configure:2370: test -s conftest.o
configure:2373: $? = 0
configure:2386: result: -DCC_HAS_PROTOS
configure:2471: checking for ldconfig
configure:2488: found /sbin/ldconfig
configure:2499: result: /sbin/ldconfig
configure:2510: checking if you want to ensure bool is consistent with C++
configure:2520: result: yes
configure:2576: checking for g++
configure:2591: found /usr/bin/g++
configure:2599: result: g++
configure:2614: checking for C++ compiler version
configure:2617: g++ --version </dev/null >&5
g++ (GCC) 3.2.2 20030222 (Red Hat Linux 3.2.2-5)
Copyright (C) 2002 Free Software Foundation, Inc.
This is free software; see the source for copying conditions.  There is NO
warranty; not even for MERCHANTABILITY or FITNESS FOR A PARTICULAR PURPOSE.

configure:2620: $? = 0
configure:2622: g++ -v </dev/null >&5
Reading specs from /usr/lib/gcc-lib/i386-redhat-linux/3.2.2/specs
Configured with: ../configure --prefix=/usr --mandir=/usr/share/man --infodir=/usr/share/info --enable-shared --enable-threads=posix --disable-checking --with-system-zlib --enable-__cxa_atexit --host=i386-redhat-linux
Thread model: posix
gcc version 3.2.2 20030222 (Red Hat Linux 3.2.2-5)
configure:2625: $? = 0
configure:2627: g++ -V </dev/null >&5
g++: argument to `-V' missing

configure:2630: $? = 1
configure:2633: checking whether we are using the GNU C++ compiler
configure:2654: g++ -c   conftest.cc >&5
configure:2657: $? = 0
configure:2660: test -s conftest.o
configure:2663: $? = 0
configure:2675: result: yes
configure:2681: checking whether g++ accepts -g
configure:2699: g++ -c -g  conftest.cc >&5
configure:2702: $? = 0
configure:2705: test -s conftest.o
configure:2708: $? = 0
configure:2718: result: yes
configure:2758: g++ -c -g -O2  conftest.cc >&5
configure:2761: $? = 0
configure:2764: test -s conftest.o
configure:2767: $? = 0
configure:2789: g++ -c -g -O2  conftest.cc >&5
configure: In function `int main()':
configure:2782: `exit' undeclared (first use this function)
configure:2782: (Each undeclared identifier is reported only once for each 
   function it appears in.)
configure:2792: $? = 1
configure: failed program was:
#line 2777 "configure"
#include "confdefs.h"

int
main ()
{
exit (42);
  ;
  return 0;
}
configure:2758: g++ -c -g -O2  conftest.cc >&5
configure:2761: $? = 0
configure:2764: test -s conftest.o
configure:2767: $? = 0
configure:2789: g++ -c -g -O2  conftest.cc >&5
configure:2792: $? = 0
configure:2795: test -s conftest.o
configure:2798: $? = 0
configure:2824: checking for g++
configure:2841: found /usr/bin/g++
configure:2852: result: /usr/bin/g++
configure:2869: checking version of g++
configure:2872: result: g++ (GCC) 3.2.2 20030222 (Red Hat Linux 3.2.2-5)
configure:2885: checking if you want to build C++ binding and demo
configure:2895: result: yes
configure:2898: checking if you want to build with Ada95
configure:2908: result: yes
configure:2911: checking if you want to build programs such as tic
configure:2921: result: yes
configure:2924: checking if you wish to install curses.h
configure:2934: result: yes
configure:2960: checking for mawk
configure:2986: result: no
configure:2960: checking for gawk
configure:2975: found /bin/gawk
configure:2983: result: gawk
configure:2993: checking whether make sets ${MAKE}
configure:3013: result: yes
configure:3034: checking for a BSD compatible install
configure:3083: result: /usr/bin/install -c
configure:3104: checking for long file names
configure:3143: result: yes
configure:3153: checking if filesystem supports mixed-case filenames
configure:3180: result: yes
configure:3186: checking whether ln -s works
configure:3190: result: yes
configure:3199: checking for ctags
configure:3223: result: no
configure:3233: checking for etags
configure:3248: found /usr/bin/etags
configure:3257: result: yes
configure:3284: checking for tdlint
configure:3310: result: no
configure:3284: checking for lint
configure:3310: result: no
configure:3284: checking for alint
configure:3310: result: no
configure:3321: checking for man
configure:3336: found /usr/bin/man
configure:3344: result: man
configure:3392: checking for ranlib
configure:3407: found /usr/bin/ranlib
configure:3416: result: ranlib
configure:3466: checking for ld
configure:3481: found /usr/bin/ld
configure:3490: result: ld
configure:3540: checking for ar
configure:3555: found /usr/bin/ar
configure:3564: result: ar
configure:3580: checking for archiver options (symbol AR_OPTS)
configure:3583: result: rv
configure:3591: checking for makeflags variable
configure:3624: result: 
configure:3627: checking if you have specified an install-prefix
configure:3640: result: 
configure:3749: checking if you want to build libraries with libtool
configure:3759: result: no
configure:3883: checking if you want to build shared libraries
configure:3893: result: no
configure:3897: checking if you want to build static libraries
configure:3907: result: yes
configure:3911: checking if you want to build debug libraries
configure:3921: result: yes
configure:3925: checking if you want to build profiling libraries
configure:3935: result: no
configure:3943: checking for specified models
configure:3947: result:  normal debug
configure:3952: checking for default model
configure:3955: result: normal
configure:3979: checking if you want to build a separate terminfo library
configure:3989: result: no
configure:3994: checking if you want to link with dbmalloc for testing
configure:4004: result: no
configure:4068: checking if you want to link with dmalloc for testing
configure:4078: result: no
configure:4143: checking if you want to link with the gpm mouse library
configure:4153: result: no
configure:4342: checking for default loader flags
configure:4351: result: 
configure:4354: checking if rpath option should be used
configure:4364: result: no
configure:4374: checking if release/abi version should be used for shared libs
configure:4398: result: auto
configure:4407: checking which gcc option to use
configure:4426: gcc -c -g -O2 -fPIC  conftest.c >&5
configure:4429: $? = 0
configure:4432: test -s conftest.o
configure:4435: $? = 0
configure:4444: result: -fPIC
configure:4691: checking if you wish to install ncurses overwriting curses
configure:4701: result: yes
configure:4704: checking if external terminfo-database is used
configure:4714: result: yes
configure:4736: checking which terminfo source-file will be installed
configure:4744: result: ${top_srcdir}/misc/terminfo.src
configure:4748: checking for list of fallback descriptions
configure:4758: result: 
configure:4768: checking for list of terminfo directories
configure:4815: result: /usr/share/terminfo
configure:4821: checking for default terminfo directory
configure:4858: result: /usr/share/terminfo
configure:4868: checking if big-core option selected
configure:4894: gcc -o conftest -g -O2   conftest.c  >&5
configure:4897: $? = 0
configure:4899: ./conftest
configure:4902: $? = 0
configure:4914: result: yes
configure:4921: checking if you want termcap-fallback support
configure:4931: result: no
configure:5041: checking if ~/.terminfo is wanted
configure:5063: checking for remove
configure:5100: gcc -o conftest -g -O2   conftest.c  >&5
configure:5103: $? = 0
configure:5106: test -s conftest
configure:5109: $? = 0
configure:5119: result: yes
configure:5063: checking for unlink
configure:5100: gcc -o conftest -g -O2   conftest.c  >&5
configure:5103: $? = 0
configure:5106: test -s conftest
configure:5109: $? = 0
configure:5119: result: yes
configure:5203: checking if link/symlink functions work
configure:5246: gcc -o conftest -g -O2   conftest.c  >&5
configure:5249: $? = 0
configure:5251: ./conftest
configure:5254: $? = 0
configure:5246: gcc -o conftest -g -O2   conftest.c  >&5
configure:5249: $? = 0
configure:5251: ./conftest
configure:5254: $? = 0
configure:5272: result:  link symlink
configure:5308: checking if tic should use symbolic links
configure:5318: result: no
configure:5331: checking if you want broken-linker support code
configure:5341: result: no
configure:5366: checking for type of bool
configure:5376: result: auto
configure:5380: checking for type of ospeed
configure:5390: result: short
configure:5394: checking if tputs should process BSD-style prefix padding
configure:5404: result: no
configure:5411: checking if RCS identifiers should be compiled-in
configure:5421: result: no
configure:5429: checking format of man-pages
configure:5518: result:  gzip
configure:5525: checking for manpage renaming
configure:5567: result: no
configure:5570: checking if manpage aliases will be installed
configure:5581: result: yes
configure:5592: checking if manpage symlinks should be used
configure:5611: result: yes
configure:5615: checking for manpage tbl
configure:5626: result: no
configure:5914: checking if you want to build with function extensions
configure:5924: result: yes
configure:5961: checking for extended use of const keyword
configure:5971: result: no
configure:5978: checking if you want $NCURSES_NO_PADDING code
configure:5988: result: yes
configure:5995: checking if you want SIGWINCH handler
configure:6005: result: yes
configure:6012: checking if you want user-definable terminal capabilities like termcap
configure:6022: result: yes
configure:6030: checking if you want all development code
configure:6040: result: no
configure:6044: checking if you want hard-tabs code
configure:6054: result: no
configure:6060: checking if you want to use restrict environment when running as root
configure:6070: result: yes
configure:6077: checking if you want limited support for xmc
configure:6087: result: no
configure:6096: checking if you do not want to assume colors are white-on-black
configure:6106: result: yes
configure:6113: checking if you want hashmap scrolling-optimization code
configure:6123: result: yes
configure:6130: checking if you want colorfgbg code
configure:6140: result: no
configure:6146: checking if you want experimental safe-sprintf code
configure:6156: result: no
configure:6206: checking if we must define _GNU_SOURCE
configure:6228: gcc -c -g -O2  conftest.c >&5
configure: In function `main':
configure:6220: `make' undeclared (first use in this function)
configure:6220: (Each undeclared identifier is reported only once
configure:6220: for each function it appears in.)
configure:6220: parse error before "an"
configure:6231: $? = 1
configure: failed program was:
#line 6213 "configure"
#include "confdefs.h"
#include <sys/types.h>
int
main ()
{

#ifndef _XOPEN_SOURCE
make an error
#endif
  ;
  return 0;
}
configure:6261: gcc -c -g -O2  -D_GNU_SOURCE conftest.c >&5
configure: In function `main':
configure:6253: `make' undeclared (first use in this function)
configure:6253: (Each undeclared identifier is reported only once
configure:6253: for each function it appears in.)
configure:6253: parse error before "an"
configure:6264: $? = 1
configure: failed program was:
#line 6246 "configure"
#include "confdefs.h"
#include <sys/types.h>
int
main ()
{

#ifdef _XOPEN_SOURCE
make an error
#endif
  ;
  return 0;
}
configure:6285: result: yes
configure:6482: checking if you want experimental wide-character code
configure:6492: result: no
configure:7115: checking for terminal capabilities file
configure:7126: result: Caps
configure:7132: checking if you want to display full commands during build
configure:7148: result: yes
configure:7152: checking if you want to see compiler warnings
configure:7160: result: 
configure:7239: checking for gcc __attribute__ directives...
checking for gcc __attribute__((scanf))
configure:7280: gcc -c -g -O2  -D_GNU_SOURCE conftest.c >&5
configure:7283: $? = 0
checking for gcc __attribute__((printf))
configure:7280: gcc -c -g -O2  -D_GNU_SOURCE conftest.c >&5
configure:7283: $? = 0
checking for gcc __attribute__((unused))
configure:7280: gcc -c -g -O2  -D_GNU_SOURCE conftest.c >&5
configure:7283: $? = 0
checking for gcc __attribute__((noreturn))
configure:7280: gcc -c -g -O2  -D_GNU_SOURCE conftest.c >&5
configure:7283: $? = 0
configure:7297: checking if you want to enable runtime assertions
configure:7307: result: no
configure:7368: checking whether to add trace feature to all models
configure:7378: result: 
configure:7421: checking for gettimeofday
configure:7458: gcc -o conftest -g -O2  -D_GNU_SOURCE -DNDEBUG  conftest.c  >&5
configure:7461: $? = 0
configure:7464: test -s conftest
configure:7467: $? = 0
configure:7477: result: yes
configure:7545: checking if -lm needed for math functions
configure:7567: gcc -o conftest -g -O2  -D_GNU_SOURCE -DNDEBUG  conftest.c  >&5
/tmp/ccUSKcLo.o(.text+0x19): In function `main':
/home/ljx/workspace/ncurses-5.4/configure:7560: undefined reference to `sin'
collect2: ld returned 1 exit status
configure:7570: $? = 1
configure: failed program was:
#line 7552 "configure"
#include "confdefs.h"

	#include <stdio.h>
	#include <math.h>

int
main ()
{
double x = rand(); printf("result = %g\n", sin(x))
  ;
  return 0;
}
configure:7586: result: yes
configure:7594: checking for ANSI C header files
configure:7608: gcc -E  -D_GNU_SOURCE -DNDEBUG conftest.c
configure:7614: $? = 0
configure:7701: gcc -o conftest -g -O2  -D_GNU_SOURCE -DNDEBUG  conftest.c  >&5
configure:7704: $? = 0
configure:7706: ./conftest
configure:7709: $? = 0
configure:7722: result: yes
configure:7735: checking for dirent.h that defines DIR
configure:7756: gcc -c -g -O2  -D_GNU_SOURCE -DNDEBUG conftest.c >&5
configure:7759: $? = 0
configure:7762: test -s conftest.o
configure:7765: $? = 0
configure:7775: result: yes
configure:7788: checking for opendir in -ldir
configure:7815: gcc -o conftest -g -O2  -D_GNU_SOURCE -DNDEBUG  conftest.c -ldir   >&5
/usr/bin/ld: cannot find -ldir
collect2: ld returned 1 exit status
configure:7818: $? = 1
configure: failed program was:
#line 7796 "configure"
#include "confdefs.h"

/* Override any gcc2 internal prototype to avoid an error.  */
#ifdef __cplusplus
extern "C"
#endif
/* We use char because int might match the return type of a gcc2
   builtin and then its argument prototype would still apply.  */
char opendir ();
int
main ()
{
opendir ();
  ;
  return 0;
}
configure:7835: result: no
configure:7897: checking whether time.h and sys/time.h may both be included
configure:7919: gcc -c -g -O2  -D_GNU_SOURCE -DNDEBUG conftest.c >&5
configure:7922: $? = 0
configure:7925: test -s conftest.o
configure:7928: $? = 0
configure:7938: result: yes
configure:7948: checking for regular-expression headers
configure:7973: gcc -o conftest -g -O2  -D_GNU_SOURCE -DNDEBUG  conftest.c  >&5
configure:7976: $? = 0
configure:7979: test -s conftest
configure:7982: $? = 0
configure:8064: result: regex.h
configure:8100: checking for fcntl.h
configure:8110: gcc -E  -D_GNU_SOURCE -DNDEBUG conftest.c
configure:8116: $? = 0
configure:8135: result: yes
configure:8100: checking for getopt.h
configure:8110: gcc -E  -D_GNU_SOURCE -DNDEBUG conftest.c
configure:8116: $? = 0
configure:8135: result: yes
configure:8100: checking for libc.h
configure:8110: gcc -E  -D_GNU_SOURCE -DNDEBUG conftest.c
configure:8107:18: libc.h: No such file or directory
configure:8116: $? = 1
configure: failed program was:
#line 8106 "configure"
#include "confdefs.h"
#include <libc.h>
configure:8135: result: no
configure:8100: checking for limits.h
configure:8110: gcc -E  -D_GNU_SOURCE -DNDEBUG conftest.c
configure:8116: $? = 0
configure:8135: result: yes
configure:8100: checking for locale.h
configure:8110: gcc -E  -D_GNU_SOURCE -DNDEBUG conftest.c
configure:8116: $? = 0
configure:8135: result: yes
configure:8100: checking for poll.h
configure:8110: gcc -E  -D_GNU_SOURCE -DNDEBUG conftest.c
configure:8116: $? = 0
configure:8135: result: yes
configure:8100: checking for sys/bsdtypes.h
configure:8110: gcc -E  -D_GNU_SOURCE -DNDEBUG conftest.c
configure:8107:26: sys/bsdtypes.h: No such file or directory
configure:8116: $? = 1
configure: failed program was:
#line 8106 "configure"
#include "confdefs.h"
#include <sys/bsdtypes.h>
configure:8135: result: no
configure:8100: checking for sys/ioctl.h
configure:8110: gcc -E  -D_GNU_SOURCE -DNDEBUG conftest.c
configure:8116: $? = 0
configure:8135: result: yes
configure:8100: checking for sys/param.h
configure:8110: gcc -E  -D_GNU_SOURCE -DNDEBUG conftest.c
configure:8116: $? = 0
configure:8135: result: yes
configure:8100: checking for sys/poll.h
configure:8110: gcc -E  -D_GNU_SOURCE -DNDEBUG conftest.c
configure:8116: $? = 0
configure:8135: result: yes
configure:8100: checking for sys/select.h
configure:8110: gcc -E  -D_GNU_SOURCE -DNDEBUG conftest.c
configure:8116: $? = 0
configure:8135: result: yes
configure:8100: checking for sys/time.h
configure:8110: gcc -E  -D_GNU_SOURCE -DNDEBUG conftest.c
configure:8116: $? = 0
configure:8135: result: yes
configure:8100: checking for sys/times.h
configure:8110: gcc -E  -D_GNU_SOURCE -DNDEBUG conftest.c
configure:8116: $? = 0
configure:8135: result: yes
configure:8100: checking for ttyent.h
configure:8110: gcc -E  -D_GNU_SOURCE -DNDEBUG conftest.c
configure:8116: $? = 0
configure:8135: result: yes
configure:8100: checking for unistd.h
configure:8110: gcc -E  -D_GNU_SOURCE -DNDEBUG conftest.c
configure:8116: $? = 0
configure:8135: result: yes
configure:8100: checking for wctype.h
configure:8110: gcc -E  -D_GNU_SOURCE -DNDEBUG conftest.c
configure:8116: $? = 0
configure:8135: result: yes
configure:8254: checking if sys/time.h works with sys/select.h
configure:8281: gcc -c -g -O2  -D_GNU_SOURCE -DNDEBUG conftest.c >&5
configure:8284: $? = 0
configure:8287: test -s conftest.o
configure:8290: $? = 0
configure:8302: result: yes
configure:8315: checking for gcc option to accept ANSI C
configure:8372: gcc  -c -g -O2  -D_GNU_SOURCE -DNDEBUG conftest.c >&5
configure:8375: $? = 0
configure:8378: test -s conftest.o
configure:8381: $? = 0
configure:8398: result: none needed
configure:8406: checking for an ANSI C-conforming const
configure:8470: gcc -c -g -O2  -D_GNU_SOURCE -DNDEBUG conftest.c >&5
configure:8473: $? = 0
configure:8476: test -s conftest.o
configure:8479: $? = 0
configure:8489: result: yes
configure:8499: checking for inline
configure:8516: gcc -c -g -O2  -D_GNU_SOURCE -DNDEBUG conftest.c >&5
configure:8519: $? = 0
configure:8522: test -s conftest.o
configure:8525: $? = 0
configure:8536: result: inline
configure:8555: checking if unsigned literals are legal
configure:8574: gcc -c -g -O2  -D_GNU_SOURCE -DNDEBUG conftest.c >&5
configure:8577: $? = 0
configure:8580: test -s conftest.o
configure:8583: $? = 0
configure:8595: result: yes
configure:8598: checking for type of chtype
configure:8655: gcc -o conftest -g -O2  -D_GNU_SOURCE -DNDEBUG  conftest.c  >&5
configure:8658: $? = 0
configure:8660: ./conftest
configure:8663: $? = 0
configure:8678: result: long
configure:8691: checking if external errno is declared
configure:8716: gcc -c -g -O2  -D_GNU_SOURCE -DNDEBUG conftest.c >&5
configure:8719: $? = 0
configure:8722: test -s conftest.o
configure:8725: $? = 0
configure:8736: result: yes
configure:8751: checking if external errno exists
configure:8773: gcc -o conftest -g -O2  -D_GNU_SOURCE -DNDEBUG  conftest.c  >&5
/tmp/ccKXcoDA.o(.text+0xb): In function `main':
/home/ljx/workspace/ncurses-5.4/configure:8766: undefined reference to `errno'
collect2: ld returned 1 exit status
configure:8776: $? = 1
configure: failed program was:
#line 8758 "configure"
#include "confdefs.h"

#undef errno
extern int errno;

int
main ()
{
errno = 2
  ;
  return 0;
}
configure:8793: result: no
configure:8806: checking if data-only library module links
configure:8817: gcc -c -g -O2  -D_GNU_SOURCE -DNDEBUG conftest.c >&5
configure:8820: $? = 0
configure:8840: gcc -c -g -O2  -D_GNU_SOURCE -DNDEBUG conftest.c >&5
configure:8843: $? = 0
configure:8867: gcc -o conftest -g -O2  -D_GNU_SOURCE -DNDEBUG  conftest.c conftest.a  >&5
configure:8870: $? = 0
configure:8872: ./conftest
configure:8875: $? = 0
configure:8890: result: yes
configure:8927: checking for getcwd
configure:8964: gcc -o conftest -g -O2  -D_GNU_SOURCE -DNDEBUG  conftest.c  >&5
configure:8967: $? = 0
configure:8970: test -s conftest
configure:8973: $? = 0
configure:8983: result: yes
configure:8927: checking for getegid
configure:8964: gcc -o conftest -g -O2  -D_GNU_SOURCE -DNDEBUG  conftest.c  >&5
configure:8967: $? = 0
configure:8970: test -s conftest
configure:8973: $? = 0
configure:8983: result: yes
configure:8927: checking for geteuid
configure:8964: gcc -o conftest -g -O2  -D_GNU_SOURCE -DNDEBUG  conftest.c  >&5
configure:8967: $? = 0
configure:8970: test -s conftest
configure:8973: $? = 0
configure:8983: result: yes
configure:8927: checking for getttynam
configure:8964: gcc -o conftest -g -O2  -D_GNU_SOURCE -DNDEBUG  conftest.c  >&5
configure:8967: $? = 0
configure:8970: test -s conftest
configure:8973: $? = 0
configure:8983: result: yes
configure:8927: checking for issetugid
configure:8964: gcc -o conftest -g -O2  -D_GNU_SOURCE -DNDEBUG  conftest.c  >&5
/tmp/ccW85OUQ.o(.text+0xf): In function `main':
/home/ljx/workspace/ncurses-5.4/configure:8955: undefined reference to `issetugid'
collect2: ld returned 1 exit status
configure:8967: $? = 1
configure: failed program was:
#line 8933 "configure"
#include "confdefs.h"
/* System header to define __stub macros and hopefully few prototypes,
    which can conflict with char issetugid (); below.  */
#include <assert.h>
/* Override any gcc2 internal prototype to avoid an error.  */
#ifdef __cplusplus
extern "C"
#endif
/* We use char because int might match the return type of a gcc2
   builtin and then its argument prototype would still apply.  */
char issetugid ();
char (*f) ();

int
main ()
{
/* The GNU C library defines this for functions which it implements
    to always fail with ENOSYS.  Some functions are actually named
    something starting with __ and the normal name is an alias.  */
#if defined (__stub_issetugid) || defined (__stub___issetugid)
choke me
#else
f = issetugid;
#endif

  ;
  return 0;
}
configure:8983: result: no
configure:8927: checking for memccpy
configure:8964: gcc -o conftest -g -O2  -D_GNU_SOURCE -DNDEBUG  conftest.c  >&5
configure:8967: $? = 0
configure:8970: test -s conftest
configure:8973: $? = 0
configure:8983: result: yes
configure:8927: checking for nanosleep
configure:8964: gcc -o conftest -g -O2  -D_GNU_SOURCE -DNDEBUG  conftest.c  >&5
configure:8967: $? = 0
configure:8970: test -s conftest
configure:8973: $? = 0
configure:8983: result: yes
configure:8927: checking for poll
configure:8964: gcc -o conftest -g -O2  -D_GNU_SOURCE -DNDEBUG  conftest.c  >&5
configure:8967: $? = 0
configure:8970: test -s conftest
configure:8973: $? = 0
configure:8983: result: yes
configure:8927: checking for remove
configure:8983: result: yes
configure:8927: checking for select
configure:8964: gcc -o conftest -g -O2  -D_GNU_SOURCE -DNDEBUG  conftest.c  >&5
configure:8967: $? = 0
configure:8970: test -s conftest
configure:8973: $? = 0
configure:8983: result: yes
configure:8927: checking for setbuf
configure:8964: gcc -o conftest -g -O2  -D_GNU_SOURCE -DNDEBUG  conftest.c  >&5
configure:8967: $? = 0
configure:8970: test -s conftest
configure:8973: $? = 0
configure:8983: result: yes
configure:8927: checking for setbuffer
configure:8964: gcc -o conftest -g -O2  -D_GNU_SOURCE -DNDEBUG  conftest.c  >&5
configure:8967: $? = 0
configure:8970: test -s conftest
configure:8973: $? = 0
configure:8983: result: yes
configure:8927: checking for setvbuf
configure:8964: gcc -o conftest -g -O2  -D_GNU_SOURCE -DNDEBUG  conftest.c  >&5
configure:8967: $? = 0
configure:8970: test -s conftest
configure:8973: $? = 0
configure:8983: result: yes
configure:8927: checking for sigaction
configure:8964: gcc -o conftest -g -O2  -D_GNU_SOURCE -DNDEBUG  conftest.c  >&5
configure:8967: $? = 0
configure:8970: test -s conftest
configure:8973: $? = 0
configure:8983: result: yes
configure:8927: checking for sigvec
configure:8964: gcc -o conftest -g -O2  -D_GNU_SOURCE -DNDEBUG  conftest.c  >&5
configure:8967: $? = 0
configure:8970: test -s conftest
configure:8973: $? = 0
configure:8983: result: yes
configure:8927: checking for strdup
configure:8964: gcc -o conftest -g -O2  -D_GNU_SOURCE -DNDEBUG  conftest.c  >&5
configure:8967: $? = 0
configure:8970: test -s conftest
configure:8973: $? = 0
configure:8983: result: yes
configure:8927: checking for strstr
configure:8964: gcc -o conftest -g -O2  -D_GNU_SOURCE -DNDEBUG  conftest.c  >&5
configure:8943: warning: conflicting types for built-in function `strstr'
configure:8967: $? = 0
configure:8970: test -s conftest
configure:8973: $? = 0
configure:8983: result: yes
configure:8927: checking for tcgetpgrp
configure:8964: gcc -o conftest -g -O2  -D_GNU_SOURCE -DNDEBUG  conftest.c  >&5
configure:8967: $? = 0
configure:8970: test -s conftest
configure:8973: $? = 0
configure:8983: result: yes
configure:8927: checking for times
configure:8964: gcc -o conftest -g -O2  -D_GNU_SOURCE -DNDEBUG  conftest.c  >&5
configure:8967: $? = 0
configure:8970: test -s conftest
configure:8973: $? = 0
configure:8983: result: yes
configure:8927: checking for vsnprintf
configure:8964: gcc -o conftest -g -O2  -D_GNU_SOURCE -DNDEBUG  conftest.c  >&5
configure:8967: $? = 0
configure:8970: test -s conftest
configure:8973: $? = 0
configure:8983: result: yes
configure:9051: checking for isascii
configure:9070: gcc -o conftest -g -O2  -D_GNU_SOURCE -DNDEBUG  conftest.c  >&5
configure:9073: $? = 0
configure:9076: test -s conftest
configure:9079: $? = 0
configure:9090: result: yes
configure:9097: checking whether sigaction needs _POSIX_SOURCE
configure:9114: gcc -c -g -O2  -D_GNU_SOURCE -DNDEBUG conftest.c >&5
configure:9117: $? = 0
configure:9120: test -s conftest.o
configure:9123: $? = 0
configure:9170: result: no
configure:9181: checking for termio.h
configure:9191: gcc -E  -D_GNU_SOURCE -DNDEBUG conftest.c
configure:9197: $? = 0
configure:9216: result: yes
configure:9181: checking for termios.h
configure:9191: gcc -E  -D_GNU_SOURCE -DNDEBUG conftest.c
configure:9197: $? = 0
configure:9216: result: yes
configure:9181: checking for unistd.h
configure:9216: result: yes
configure:9284: checking whether termios.h needs _POSIX_SOURCE
configure:9299: gcc -c -g -O2  -D_GNU_SOURCE -DNDEBUG conftest.c >&5
configure:9302: $? = 0
configure:9305: test -s conftest.o
configure:9308: $? = 0
configure:9354: result: no
configure:9359: checking for tcgetattr
configure:9394: gcc -o conftest -g -O2  -D_GNU_SOURCE -DNDEBUG  conftest.c  >&5
configure:9397: $? = 0
configure:9400: test -s conftest
configure:9403: $? = 0
configure:9413: result: yes
configure:9419: checking for vsscanf function or workaround
configure:9442: gcc -o conftest -g -O2  -D_GNU_SOURCE -DNDEBUG  conftest.c  >&5
configure:9445: $? = 0
configure:9448: test -s conftest
configure:9451: $? = 0
configure:9544: result: vsscanf
configure:9562: checking for working mkstemp
configure:9669: gcc -o conftest -g -O2  -D_GNU_SOURCE -DNDEBUG  conftest.c  >&5
configure:9672: $? = 0
configure:9674: ./conftest
configure:9677: $? = 0
configure:9692: result: yes
configure:9712: checking whether setvbuf arguments are reversed
configure:9740: gcc -o conftest -g -O2  -D_GNU_SOURCE -DNDEBUG  conftest.c  >&5
configure: In function `main':
configure:9732: warning: passing arg 2 of `setvbuf' makes pointer from integer without a cast
configure:9732: warning: passing arg 3 of `setvbuf' makes integer from pointer without a cast
configure:9743: $? = 0
configure:9745: ./conftest
configure:9748: $? = 1
configure: program exited with status 1
configure: failed program was:
#line 9723 "configure"
#include "confdefs.h"
#include <stdio.h>
/* If setvbuf has the reversed format, exit 0. */
int
main ()
{
  /* This call has the arguments reversed.
     A reversed system may check and see that the address of main
     is not _IOLBF, _IONBF, or _IOFBF, and return nonzero.  */
  if (setvbuf(stdout, _IOLBF, (char *) main, BUFSIZ) != 0)
    exit(1);
  putc('\r', stdout);
  exit(0);			/* Non-reversed systems segv here.  */
}
configure:9761: result: no
configure:9772: checking return type of signal handlers
configure:9800: gcc -c -g -O2  -D_GNU_SOURCE -DNDEBUG conftest.c >&5
configure:9803: $? = 0
configure:9806: test -s conftest.o
configure:9809: $? = 0
configure:9819: result: void
configure:9826: checking for type sigaction_t
configure:9846: gcc -c -g -O2  -D_GNU_SOURCE -DNDEBUG conftest.c >&5
configure: In function `main':
configure:9839: `sigaction_t' undeclared (first use in this function)
configure:9839: (Each undeclared identifier is reported only once
configure:9839: for each function it appears in.)
configure:9839: parse error before "x"
configure:9849: $? = 1
configure: failed program was:
#line 9833 "configure"
#include "confdefs.h"

#include <signal.h>
int
main ()
{
sigaction_t x
  ;
  return 0;
}
configure:9866: result: no
configure:9872: checking declaration of size-change
configure:9931: gcc -c -g -O2  -D_GNU_SOURCE -DNDEBUG conftest.c >&5
configure:9934: $? = 0
configure:9937: test -s conftest.o
configure:9940: $? = 0
size-change succeeded ()
configure:9959: result: yes
configure:9976: checking for memmove
configure:10013: gcc -o conftest -g -O2  -D_GNU_SOURCE -DNDEBUG  conftest.c  >&5
configure:10016: $? = 0
configure:10019: test -s conftest
configure:10022: $? = 0
configure:10032: result: yes
configure:10164: checking if poll really works
configure:10195: gcc -o conftest -g -O2  -D_GNU_SOURCE -DNDEBUG  conftest.c  >&5
configure:10198: $? = 0
configure:10200: ./conftest
configure:10203: $? = 0
configure:10215: result: yes
configure:10228: checking if we should include stdbool.h
configure:10248: gcc -c -O2  -D_GNU_SOURCE -DNDEBUG conftest.c >&5
configure: In function `main':
configure:10241: `bool' undeclared (first use in this function)
configure:10241: (Each undeclared identifier is reported only once
configure:10241: for each function it appears in.)
configure:10241: parse error before "foo"
configure:10251: $? = 1
configure: failed program was:
#line 10236 "configure"
#include "confdefs.h"

int
main ()
{
bool foo = false
  ;
  return 0;
}
configure:10280: gcc -c -O2  -D_GNU_SOURCE -DNDEBUG conftest.c >&5
configure:10283: $? = 0
configure:10286: test -s conftest.o
configure:10289: $? = 0
configure:10303: result: yes
configure:10309: checking for builtin bool type
configure:10332: gcc -c -O2  -D_GNU_SOURCE -DNDEBUG conftest.c >&5
configure: In function `main':
configure:10325: `bool' undeclared (first use in this function)
configure:10325: (Each undeclared identifier is reported only once
configure:10325: for each function it appears in.)
configure:10325: parse error before "x"
configure:10335: $? = 1
configure: failed program was:
#line 10317 "configure"
#include "confdefs.h"

#include <stdio.h>
#include <sys/types.h>

int
main ()
{
bool x = false
  ;
  return 0;
}
configure:10356: result: no
configure:10377: checking for library stdc++
configure:10402: /usr/bin/g++ -o conftest -O2  -D_GNU_SOURCE -DNDEBUG  conftest.cc  -lstdc++ >&5
In file included from /usr/include/c++/3.2.2/backward/strstream:51,
                 from /usr/include/c++/3.2.2/backward/strstream.h:33,
                 from configure:10388:
/usr/include/c++/3.2.2/backward/backward_warning.h:32:2: warning: #warning This file includes at least one deprecated or antiquated header. Please consider using one of the 32 headers found in section 17.4.1.2 of the C++ standard. Examples include substituting the <X> header for the <X.h> header for C++ includes, or <sstream> instead of the deprecated header <strstream.h>. To disable this warning use -Wno-deprecated.
configure:10405: $? = 0
configure:10408: test -s conftest
configure:10411: $? = 0
configure:10423: result: yes
configure:10546: checking how to run the C++ preprocessor
configure:10568: /usr/bin/g++ -E  -D_GNU_SOURCE -DNDEBUG conftest.cc
configure:10574: $? = 0
configure:10601: /usr/bin/g++ -E  -D_GNU_SOURCE -DNDEBUG conftest.cc
configure:10598:28: ac_nonexistent.h: No such file or directory
configure:10607: $? = 1
configure: failed program was:
#line 10597 "configure"
#include "confdefs.h"
#include <ac_nonexistent.h>
configure:10644: result: /usr/bin/g++ -E
configure:10659: /usr/bin/g++ -E  -D_GNU_SOURCE -DNDEBUG conftest.cc
configure:10665: $? = 0
configure:10692: /usr/bin/g++ -E  -D_GNU_SOURCE -DNDEBUG conftest.cc
configure:10689:28: ac_nonexistent.h: No such file or directory
configure:10698: $? = 1
configure: failed program was:
#line 10688 "configure"
#include "confdefs.h"
#include <ac_nonexistent.h>
configure:10740: checking for typeinfo
configure:10750: /usr/bin/g++ -E  -D_GNU_SOURCE -DNDEBUG conftest.cc
configure:10756: $? = 0
configure:10775: result: yes
configure:10785: checking if we should include stdbool.h
configure:10860: result: yes
configure:10866: checking for builtin bool type
configure:10889: /usr/bin/g++ -c -O2  -D_GNU_SOURCE -DNDEBUG conftest.cc >&5
configure:10892: $? = 0
configure:10895: test -s conftest.o
configure:10898: $? = 0
configure:10911: result: yes
configure:10917: checking for size of bool
configure:10970: /usr/bin/g++ -o conftest -O2  -D_GNU_SOURCE -DNDEBUG  conftest.cc  >&5
configure:10973: $? = 0
configure:10975: ./conftest
configure:10978: $? = 0
configure:10996: result: unsigned char
configure:11007: checking for special defines needed for etip.h
configure:11033: /usr/bin/g++ -c -O2 -I./c++ -I./menu -I./include  -D_GNU_SOURCE -DNDEBUG conftest.cc >&5
configure:11036: $? = 0
configure:11039: test -s conftest.o
configure:11042: $? = 0
configure:11033: /usr/bin/g++ -c -O2 -I./c++ -I./menu -I./include -DETIP_NEEDS_MATH_H  -D_GNU_SOURCE -DNDEBUG conftest.cc >&5
configure:11036: $? = 0
configure:11039: test -s conftest.o
configure:11042: $? = 0
configure:11063: result: MATH_H 
configure:11068: checking if /usr/bin/g++ accepts parameter initialization
configure:11103: /usr/bin/g++ -o conftest -O2  -D_GNU_SOURCE -DNDEBUG  conftest.cc  >&5
configure:11095: default argument given for parameter 1 of `TEST::TEST(int = 1)
   '
configure:11090: after previous specification in `TEST::TEST(int = 1)'
configure:11098: `main' must return `int'
configure:11106: $? = 1
configure: program exited with status 1
configure: failed program was:
#line 11084 "configure"
#include "confdefs.h"

class TEST {
private:
	int value;
public:
	TEST(int x = 1);
	~TEST();
};

TEST::TEST(int x = 1)	// some compilers do not like second initializer
{
	value = x;
}
void main() { }

configure:11129: result: no
configure:11147: checking for strstream.h
configure:11157: /usr/bin/g++ -E  -D_GNU_SOURCE -DNDEBUG conftest.cc
In file included from /usr/include/c++/3.2.2/backward/strstream:51,
                 from /usr/include/c++/3.2.2/backward/strstream.h:33,
                 from configure:11154:
/usr/include/c++/3.2.2/backward/backward_warning.h:32:2: warning: #warning This file includes at least one deprecated or antiquated header. Please consider using one of the 32 headers found in section 17.4.1.2 of the C++ standard. Examples include substituting the <X> header for the <X.h> header for C++ includes, or <sstream> instead of the deprecated header <strstream.h>. To disable this warning use -Wno-deprecated.
configure:11163: $? = 0
configure:11182: result: yes
configure:11192: checking if /usr/bin/g++ supports vscan function
configure:11251: /usr/bin/g++ -o conftest -O2  -D_GNU_SOURCE -DNDEBUG  conftest.cc  >&5
In file included from /usr/include/c++/3.2.2/backward/strstream:51,
                 from /usr/include/c++/3.2.2/backward/strstream.h:33,
                 from configure:11213:
/usr/include/c++/3.2.2/backward/backward_warning.h:32:2: warning: #warning This file includes at least one deprecated or antiquated header. Please consider using one of the 32 headers found in section 17.4.1.2 of the C++ standard. Examples include substituting the <X> header for the <X.h> header for C++ includes, or <sstream> instead of the deprecated header <strstream.h>. To disable this warning use -Wno-deprecated.
configure: In function `int scanw(const char*, ...)':
configure:11228: no matching function for call to `std::strstreambuf::vscan(
   const char*&, char*&)'
configure:11254: $? = 1
configure: failed program was:
#line 11206 "configure"
#include "confdefs.h"

#include <stdio.h>
#include <stdarg.h>
#define USE_STRSTREAM_VSCAN 1
#if defined(USE_STDIO_VSCAN)
#elif defined(HAVE_STRSTREAM_H) && defined(USE_STRSTREAM_VSCAN)
#include <strstream.h>
#endif

int scanw(const char* fmt, ...)
{
    int result = -1;
    char buf[BUFSIZ];

    va_list args;
    va_start(args, fmt);
#if defined(USE_STDIO_VSCAN)
    if (::vsscanf(buf, fmt, args) != -1)
	result = 0;
#elif defined(USE_STRSTREAM_VSCAN)
    strstreambuf ss(buf, sizeof(buf));
    if (ss.vscan(fmt, args) != -1)
	result = 0;
#elif defined(USE_STRSTREAM_VSCAN_CAST)
    strstreambuf ss(buf, sizeof(buf));
    if (ss.vscan(fmt, (_IO_va_list)args) != -1)
	result = 0;
#else
#error case strstream failed
#endif
    va_end(args);
    return result;
}

int
main ()
{
int tmp, foo = scanw("%d", &tmp)
  ;
  return 0;
}
configure:11251: /usr/bin/g++ -o conftest -O2  -D_GNU_SOURCE -DNDEBUG  conftest.cc  >&5
configure: In function `int scanw(const char*, ...)':
configure:11231: `strstreambuf' undeclared (first use this function)
configure:11231: (Each undeclared identifier is reported only once for each 
   function it appears in.)
configure:11231: parse error before `(' token
configure:11232: `ss' undeclared (first use this function)
configure:11254: $? = 1
configure: failed program was:
#line 11206 "configure"
#include "confdefs.h"

#include <stdio.h>
#include <stdarg.h>
#define USE_STRSTREAM_VSCAN_CAST 1
#if defined(USE_STDIO_VSCAN)
#elif defined(HAVE_STRSTREAM_H) && defined(USE_STRSTREAM_VSCAN)
#include <strstream.h>
#endif

int scanw(const char* fmt, ...)
{
    int result = -1;
    char buf[BUFSIZ];

    va_list args;
    va_start(args, fmt);
#if defined(USE_STDIO_VSCAN)
    if (::vsscanf(buf, fmt, args) != -1)
	result = 0;
#elif defined(USE_STRSTREAM_VSCAN)
    strstreambuf ss(buf, sizeof(buf));
    if (ss.vscan(fmt, args) != -1)
	result = 0;
#elif defined(USE_STRSTREAM_VSCAN_CAST)
    strstreambuf ss(buf, sizeof(buf));
    if (ss.vscan(fmt, (_IO_va_list)args) != -1)
	result = 0;
#else
#error case strstream_cast failed
#endif
    va_end(args);
    return result;
}

int
main ()
{
int tmp, foo = scanw("%d", &tmp)
  ;
  return 0;
}
configure:11251: /usr/bin/g++ -o conftest -O2  -D_GNU_SOURCE -DNDEBUG  conftest.cc  >&5
configure:11254: $? = 0
configure:11257: test -s conftest
configure:11260: $? = 0
configure:11273: result: stdio
configure:11481: checking for gnatmake
configure:11496: found /usr/bin/gnatmake
configure:11505: result: yes
configure:11516: checking for gnat version
configure:11520: result: 3.2.2
configure:11543: checking for m4
configure:11558: found /usr/bin/m4
configure:11567: result: yes
configure:11579: checking if GNAT works
gcc -c conftest.adb
gnatbind -x conftest.ali
gnatlink conftest.ali
Hello World
configure:11607: result: yes
configure:11697: checking for library subsets
configure:11710: result: termlib+ext_tinfo+base+ext_funcs
configure:11748: checking default library suffix
configure:11759: result: 
configure:11762: checking default library-dependency suffix
configure:11791: result: .a
configure:11794: checking default object directory
configure:11810: result: objects
configure:11815: checking c++ library-dependency suffix
configure:11841: result: .a
configure:11851: checking where we will install curses.h
configure:11856: result: ${prefix}/include
configure:11890: checking for src modules
configure:11950: result: ncurses progs tack panel menu form
configure:12137: creating ./config.status

## ----------------------- ##
## Running config.status.  ##
## ----------------------- ##

This file was extended by config.status 2.52.20030208, executed with
  CONFIG_FILES    = 
  CONFIG_HEADERS  = 
  CONFIG_LINKS    = 
  CONFIG_COMMANDS = 
  > ./config.status 
on local

config.status:12755: creating include/MKterm.h.awk
config.status:12755: creating include/curses.head
config.status:12755: creating include/termcap.h
config.status:12755: creating include/unctrl.h
config.status:12755: creating man/Makefile
config.status:12755: creating include/Makefile
config.status:12755: creating ncurses/Makefile
config.status:12755: creating progs/Makefile
config.status:12755: creating tack/Makefile
config.status:12755: creating panel/Makefile
config.status:12755: creating menu/Makefile
config.status:12755: creating form/Makefile
config.status:12755: creating test/Makefile
config.status:12755: creating misc/Makefile
config.status:12755: creating c++/Makefile
config.status:12755: creating Ada95/Makefile
config.status:12755: creating Ada95/gen/Makefile
config.status:12755: creating Ada95/src/Makefile
config.status:12755: creating Ada95/samples/Makefile
config.status:12755: creating misc/run_tic.sh
config.status:12755: creating Makefile
config.status:12852: creating include/ncurses_cfg.h

## ----------------- ##
## Cache variables.  ##
## ----------------- ##

ac_cv_build=i686-pc-linux-gnu
ac_cv_build_alias=i686-pc-linux-gnu
ac_cv_c_compiler_gnu=yes
ac_cv_c_const=yes
ac_cv_c_inline=inline
ac_cv_cxx_compiler_gnu=yes
ac_cv_env_CC_set=
ac_cv_env_CC_value=
ac_cv_env_CFLAGS_set=
ac_cv_env_CFLAGS_value=
ac_cv_env_CPPFLAGS_set=
ac_cv_env_CPPFLAGS_value=
ac_cv_env_CPP_set=
ac_cv_env_CPP_value=
ac_cv_env_CXXCPP_set=
ac_cv_env_CXXCPP_value=
ac_cv_env_CXXFLAGS_set=
ac_cv_env_CXXFLAGS_value=
ac_cv_env_CXX_set=
ac_cv_env_CXX_value=
ac_cv_env_LDFLAGS_set=
ac_cv_env_LDFLAGS_value=
ac_cv_env_build_alias_set=
ac_cv_env_build_alias_value=
ac_cv_env_host_alias_set=
ac_cv_env_host_alias_value=
ac_cv_env_target_alias_set=
ac_cv_env_target_alias_value=
ac_cv_func_getcwd=yes
ac_cv_func_getegid=yes
ac_cv_func_geteuid=yes
ac_cv_func_gettimeofday=yes
ac_cv_func_getttynam=yes
ac_cv_func_issetugid=no
ac_cv_func_link=yes
ac_cv_func_memccpy=yes
ac_cv_func_memmove=yes
ac_cv_func_nanosleep=yes
ac_cv_func_poll=yes
ac_cv_func_remove=yes
ac_cv_func_select=yes
ac_cv_func_setbuf=yes
ac_cv_func_setbuffer=yes
ac_cv_func_setvbuf=yes
ac_cv_func_setvbuf_reversed=no
ac_cv_func_sigaction=yes
ac_cv_func_sigvec=yes
ac_cv_func_strdup=yes
ac_cv_func_strstr=yes
ac_cv_func_symlink=yes
ac_cv_func_tcgetpgrp=yes
ac_cv_func_times=yes
ac_cv_func_unlink=yes
ac_cv_func_vsnprintf=yes
ac_cv_header_dirent_dirent_h=yes
ac_cv_header_fcntl_h=yes
ac_cv_header_getopt_h=yes
ac_cv_header_libc_h=no
ac_cv_header_limits_h=yes
ac_cv_header_locale_h=yes
ac_cv_header_poll_h=yes
ac_cv_header_stdc=yes
ac_cv_header_strstream_h=yes
ac_cv_header_sys_bsdtypes_h=no
ac_cv_header_sys_ioctl_h=yes
ac_cv_header_sys_param_h=yes
ac_cv_header_sys_poll_h=yes
ac_cv_header_sys_select_h=yes
ac_cv_header_sys_time_h=yes
ac_cv_header_sys_times_h=yes
ac_cv_header_termio_h=yes
ac_cv_header_termios_h=yes
ac_cv_header_time=yes
ac_cv_header_ttyent_h=yes
ac_cv_header_typeinfo=yes
ac_cv_header_unistd_h=yes
ac_cv_header_wctype_h=yes
ac_cv_host=i686-pc-linux-gnu
ac_cv_host_alias=i686-pc-linux-gnu
ac_cv_lib_dir_opendir=no
ac_cv_objext=o
ac_cv_path_CXX=/usr/bin/g++
ac_cv_path_LDCONFIG=/sbin/ldconfig
ac_cv_path_install='/usr/bin/install -c'
ac_cv_prog_AWK=gawk
ac_cv_prog_CPP='gcc -E'
ac_cv_prog_CXXCPP='/usr/bin/g++ -E'
ac_cv_prog_M4_exists=yes
ac_cv_prog_MAKE_LOWER_TAGS=no
ac_cv_prog_MAKE_UPPER_TAGS=yes
ac_cv_prog_MAN=man
ac_cv_prog_ac_ct_AR=ar
ac_cv_prog_ac_ct_CC=gcc
ac_cv_prog_ac_ct_CXX=g++
ac_cv_prog_ac_ct_LD=ld
ac_cv_prog_ac_ct_RANLIB=ranlib
ac_cv_prog_cc_g=yes
ac_cv_prog_cc_stdc=
ac_cv_prog_cxx_g=yes
ac_cv_prog_gcc_traditional=no
ac_cv_prog_gnat_exists=yes
ac_cv_prog_make_make_set=yes
ac_cv_sys_long_file_names=yes
ac_cv_target=i686-pc-linux-gnu
ac_cv_target_alias=i686-pc-linux-gnu
ac_cv_type_signal=void
cf_cv_1UL=1UL
cf_cv_abi_version=5
cf_cv_ansi_cc=-DCC_HAS_PROTOS
cf_cv_builtin_bool=1
cf_cv_cc_bool_type=0
cf_cv_cpp_param_init=no
cf_cv_cpp_vscan_func=stdio
cf_cv_dcl_errno=yes
cf_cv_do_symlinks=yes
cf_cv_func_mkstemp=yes
cf_cv_func_vsscanf=vsscanf
cf_cv_gnu_source=yes
cf_cv_have_errno=no
cf_cv_have_isascii=yes
cf_cv_have_tcgetattr=yes
cf_cv_header_stdbool_h=1
cf_cv_ld_rpath=no
cf_cv_libstdcpp=yes
cf_cv_link_dataonly=yes
cf_cv_link_funcs=' link symlink'
cf_cv_makeflags=
cf_cv_mixedcase=yes
cf_cv_need_libm=yes
cf_cv_prog_gnat_correct=yes
cf_cv_regex=regex.h
cf_cv_rel_version=5.4
cf_cv_rm_so_locs=no
cf_cv_shlib_version=rel
cf_cv_shlib_version_infix=no
cf_cv_sizechange=yes
cf_cv_src_modules='ncurses progs tack panel menu form'
cf_cv_subst_AR_OPTS=rv
cf_cv_sys_time_select=yes
cf_cv_system_name=linux-gnu
cf_cv_timestamp='Sat Apr 26 17:45:11 CST 2014'
cf_cv_type_of_bool='unsigned char'
cf_cv_type_sigaction=no
cf_cv_typeof_chtype=long
cf_cv_unsigned_literals=yes
cf_cv_working_poll=yes

## ------------ ##
## confdefs.h.  ##
## ------------ ##

#define SYSTEM_NAME "linux-gnu"
#define CC_HAS_PROTOS 1
#ifdef __cplusplus
#include <stdlib.h>
#endif
#define HAVE_LONG_FILE_NAMES 1
#define MIXEDCASE_FILENAMES 1
#define USE_DATABASE 1
#define TERMINFO_DIRS "/usr/share/terminfo"
#define TERMINFO "/usr/share/terminfo"
#define HAVE_BIG_CORE 1
#define PURE_TERMINFO 1
#define USE_HOME_TERMINFO 1
#define HAVE_REMOVE 1
#define HAVE_UNLINK 1
#define HAVE_LINK 1
#define HAVE_SYMLINK 1
#define HAVE_CURSES_VERSION 1
#define HAVE_HAS_KEY 1
#define HAVE_RESIZETERM 1
#define HAVE_RESIZE_TERM 1
#define HAVE_USE_DEFAULT_COLORS 1
#define HAVE_WRESIZE 1
#define NCURSES_EXT_FUNCS 1
#define NCURSES_NO_PADDING 1
#define USE_SIGWINCH 1
#define USE_ROOT_ENVIRON 1
#define USE_ASSUMED_COLOR 1
#define USE_HASHMAP 1
#define GCC_SCANF 1
#define GCC_PRINTF 1
#define GCC_UNUSED __attribute__((unused))
#define GCC_NORETURN __attribute__((noreturn))
#define NDEBUG 1
#define HAVE_NC_ALLOC_H 1
#define HAVE_GETTIMEOFDAY 1
#define STDC_HEADERS 1
#define HAVE_DIRENT_H 1
#define TIME_WITH_SYS_TIME 1
#define HAVE_REGEX_H_FUNCS 1
#define HAVE_FCNTL_H 1
#define HAVE_GETOPT_H 1
#define HAVE_LIMITS_H 1
#define HAVE_LOCALE_H 1
#define HAVE_POLL_H 1
#define HAVE_SYS_IOCTL_H 1
#define HAVE_SYS_PARAM_H 1
#define HAVE_SYS_POLL_H 1
#define HAVE_SYS_SELECT_H 1
#define HAVE_SYS_TIME_H 1
#define HAVE_SYS_TIMES_H 1
#define HAVE_TTYENT_H 1
#define HAVE_UNISTD_H 1
#define HAVE_WCTYPE_H 1
#define HAVE_SYS_TIME_SELECT 1
#define CC_HAS_INLINE_FUNCS 1
#define TYPEOF_CHTYPE long
#define HAVE_GETCWD 1
#define HAVE_GETEGID 1
#define HAVE_GETEUID 1
#define HAVE_GETTTYNAM 1
#define HAVE_MEMCCPY 1
#define HAVE_NANOSLEEP 1
#define HAVE_POLL 1
#define HAVE_REMOVE 1
#define HAVE_SELECT 1
#define HAVE_SETBUF 1
#define HAVE_SETBUFFER 1
#define HAVE_SETVBUF 1
#define HAVE_SIGACTION 1
#define HAVE_SIGVEC 1
#define HAVE_STRDUP 1
#define HAVE_STRSTR 1
#define HAVE_TCGETPGRP 1
#define HAVE_TIMES 1
#define HAVE_VSNPRINTF 1
#define HAVE_ISASCII 1
#define HAVE_TERMIO_H 1
#define HAVE_TERMIOS_H 1
#define HAVE_UNISTD_H 1
#define HAVE_TCGETATTR 1
#define HAVE_VSSCANF 1
#define HAVE_MKSTEMP 1
#define RETSIGTYPE void
#define HAVE_SIZECHANGE 1
#define HAVE_WORKING_POLL 1
#define HAVE_TYPEINFO 1
#define ETIP_NEEDS_MATH_H 1
#define HAVE_STRSTREAM_H 1
#define CPP_HAS_VSCAN_FUNC 1
#define USE_STDIO_VSCAN 1
#define HAVE_SLK_COLOR 1
#define HAVE_PANEL_H 1
#define HAVE_LIBPANEL 1
#define HAVE_MENU_H 1
#define HAVE_LIBMENU 1
#define HAVE_FORM_H 1
#define HAVE_LIBFORM 1
#define NCURSES_PATHSEP ':'
#define NCURSES_VERSION_STRING "5.4.20040208"


configure: exit 0
